TN:
SF:C:\Users\treso\Documents\Github.ugent\vopro\groep-07_frontend\frontend\app\controllers\defaults\404Controller.js
FN:6,(anonymous_1)
FN:23,(anonymous_2)
FNF:2
FNH:1
FNDA:2,(anonymous_1)
FNDA:0,(anonymous_2)
DA:6,1
DA:7,2
DA:9,2
DA:10,1
DA:11,1
DA:13,1
DA:14,1
DA:23,2
DA:24,0
LF:9
LH:8
BRDA:9,1,0,1
BRDA:9,1,1,1
BRF:2
BRH:2
end_of_record
TN:
SF:C:\Users\treso\Documents\Github.ugent\vopro\groep-07_frontend\frontend\app\controllers\defaults\authenticationController.js
FN:6,(anonymous_1)
FN:16,(anonymous_2)
FN:18,(anonymous_3)
FN:21,(anonymous_4)
FN:38,(anonymous_5)
FN:47,(anonymous_6)
FN:57,(anonymous_7)
FN:64,(anonymous_8)
FNF:8
FNH:7
FNDA:7,(anonymous_1)
FNDA:2,(anonymous_2)
FNDA:0,(anonymous_3)
FNDA:1,(anonymous_4)
FNDA:1,(anonymous_5)
FNDA:1,(anonymous_6)
FNDA:1,(anonymous_7)
FNDA:1,(anonymous_8)
DA:6,1
DA:8,7
DA:9,7
DA:16,7
DA:17,2
DA:18,1
DA:20,0
DA:22,1
DA:23,0
DA:25,0
DA:28,1
DA:29,1
DA:38,7
DA:39,1
DA:47,7
DA:48,1
DA:57,1
DA:64,1
LF:18
LH:15
BRDA:17,1,0,1
BRDA:17,1,1,1
BRDA:17,2,0,2
BRDA:17,2,1,1
BRDA:22,3,0,0
BRDA:22,3,1,0
BRF:6
BRH:4
end_of_record
TN:
SF:C:\Users\treso\Documents\Github.ugent\vopro\groep-07_frontend\frontend\app\controllers\defaults\contactController.js
FN:6,(anonymous_1)
FNF:1
FNH:1
FNDA:1,(anonymous_1)
DA:6,1
LF:1
LH:1
BRF:0
BRH:0
end_of_record
TN:
SF:C:\Users\treso\Documents\Github.ugent\vopro\groep-07_frontend\frontend\app\controllers\defaults\indexController.js
FN:6,(anonymous_1)
FN:13,(anonymous_2)
FN:22,(anonymous_3)
FN:31,(anonymous_4)
FNF:4
FNH:4
FNDA:1,(anonymous_1)
FNDA:1,(anonymous_2)
FNDA:1,(anonymous_3)
FNDA:1,(anonymous_4)
DA:6,1
DA:13,1
DA:14,1
DA:22,1
DA:23,1
DA:31,1
DA:32,1
LF:7
LH:7
BRF:0
BRH:0
end_of_record
TN:
SF:C:\Users\treso\Documents\Github.ugent\vopro\groep-07_frontend\frontend\app\controllers\defaults\notImpController.js
FN:6,(anonymous_1)
FNF:1
FNH:1
FNDA:1,(anonymous_1)
DA:6,1
LF:1
LH:1
BRF:0
BRH:0
end_of_record
TN:
SF:C:\Users\treso\Documents\Github.ugent\vopro\groep-07_frontend\frontend\app\controllers\events\eventAddController.js
FN:8,(anonymous_1)
FN:57,(anonymous_2)
FN:65,(anonymous_3)
FN:83,(anonymous_4)
FN:84,(anonymous_5)
FN:87,(anonymous_6)
FN:89,(anonymous_7)
FN:102,(anonymous_8)
FN:111,(anonymous_9)
FNF:9
FNH:2
FNDA:1,(anonymous_1)
FNDA:0,(anonymous_2)
FNDA:0,(anonymous_3)
FNDA:0,(anonymous_4)
FNDA:0,(anonymous_5)
FNDA:0,(anonymous_6)
FNDA:0,(anonymous_7)
FNDA:0,(anonymous_8)
FNDA:1,(anonymous_9)
DA:2,1
DA:8,1
DA:15,1
DA:25,1
DA:26,1
DA:27,1
DA:34,1
DA:41,1
DA:47,1
DA:57,1
DA:58,0
DA:59,0
DA:61,0
DA:62,0
DA:63,0
DA:64,0
DA:65,0
DA:66,0
DA:77,1
DA:83,1
DA:84,0
DA:85,0
DA:86,0
DA:89,0
DA:90,0
DA:91,0
DA:94,0
DA:102,1
DA:103,0
DA:111,1
LF:30
LH:14
BRDA:58,1,0,0
BRDA:58,1,1,0
BRDA:58,2,0,0
BRDA:58,2,1,0
BRDA:58,2,2,0
BRF:5
BRH:0
end_of_record
TN:
SF:C:\Users\treso\Documents\Github.ugent\vopro\groep-07_frontend\frontend\app\controllers\events\eventEditController.js
FN:7,(anonymous_1)
FN:13,(anonymous_2)
FN:20,(anonymous_3)
FN:23,(anonymous_4)
FN:27,(anonymous_5)
FN:54,(anonymous_6)
FN:56,(anonymous_7)
FN:62,(anonymous_8)
FN:70,(anonymous_9)
FN:93,(anonymous_10)
FNF:10
FNH:10
FNDA:2,(anonymous_1)
FNDA:2,(anonymous_2)
FNDA:2,(anonymous_3)
FNDA:2,(anonymous_4)
FNDA:8,(anonymous_5)
FNDA:1,(anonymous_6)
FNDA:4,(anonymous_7)
FNDA:1,(anonymous_8)
FNDA:1,(anonymous_9)
FNDA:1,(anonymous_10)
DA:1,1
DA:7,1
DA:13,2
DA:19,2
DA:20,2
DA:21,2
DA:22,2
DA:23,2
DA:24,2
DA:27,2
DA:28,8
DA:29,40
DA:30,8
DA:41,2
DA:47,2
DA:54,2
DA:55,1
DA:56,1
DA:57,4
DA:58,4
DA:61,1
DA:62,1
DA:63,1
DA:64,1
DA:65,0
DA:69,1
DA:70,1
DA:71,1
DA:72,1
DA:76,1
DA:78,1
DA:79,1
DA:85,1
DA:86,1
DA:93,2
DA:94,1
LF:36
LH:35
BRDA:22,1,0,2
BRDA:22,1,1,0
BRDA:29,2,0,8
BRDA:29,2,1,32
BRDA:57,3,0,4
BRDA:57,3,1,0
BRDA:64,4,0,0
BRDA:64,4,1,1
BRDA:69,5,0,1
BRDA:69,5,1,0
BRDA:71,6,0,1
BRDA:71,6,1,0
BRDA:78,7,0,1
BRDA:78,7,1,0
BRF:14
BRH:8
end_of_record
TN:
SF:C:\Users\treso\Documents\Github.ugent\vopro\groep-07_frontend\frontend\app\controllers\events\eventListController.js
FN:6,(anonymous_1)
FN:13,(anonymous_2)
FN:26,(anonymous_3)
FN:35,(anonymous_4)
FN:44,(anonymous_5)
FN:45,(anonymous_6)
FNF:6
FNH:5
FNDA:5,(anonymous_1)
FNDA:4,(anonymous_2)
FNDA:1,(anonymous_3)
FNDA:0,(anonymous_4)
FNDA:2,(anonymous_5)
FNDA:2,(anonymous_6)
DA:6,1
DA:13,5
DA:14,4
DA:18,5
DA:26,5
DA:27,1
DA:35,5
DA:36,0
DA:44,5
DA:45,2
DA:46,2
DA:50,5
DA:51,5
DA:52,5
LF:14
LH:13
BRF:0
BRH:0
end_of_record
TN:
SF:C:\Users\treso\Documents\Github.ugent\vopro\groep-07_frontend\frontend\app\controllers\events\eventShowController.js
FN:7,(anonymous_1)
FN:13,(anonymous_2)
FN:22,(anonymous_3)
FNF:3
FNH:3
FNDA:2,(anonymous_1)
FNDA:1,(anonymous_2)
FNDA:1,(anonymous_3)
DA:1,1
DA:7,1
DA:13,2
DA:14,1
DA:22,2
DA:23,1
DA:36,2
LF:7
LH:7
BRF:0
BRH:0
end_of_record
TN:
SF:C:\Users\treso\Documents\Github.ugent\vopro\groep-07_frontend\frontend\app\controllers\routes\routeAddController.js
FN:6,(anonymous_1)
FNF:1
FNH:1
FNDA:10,(anonymous_1)
DA:6,1
DA:13,10
DA:21,10
LF:3
LH:3
BRF:0
BRH:0
end_of_record
TN:
SF:C:\Users\treso\Documents\Github.ugent\vopro\groep-07_frontend\frontend\app\controllers\routes\routeEditController.js
FN:8,(anonymous_1)
FN:15,(anonymous_2)
FN:24,(anonymous_3)
FN:34,(anonymous_4)
FN:49,(anonymous_5)
FN:50,(anonymous_6)
FN:66,(anonymous_7)
FN:67,(anonymous_8)
FN:78,(anonymous_9)
FN:83,(anonymous_10)
FN:89,(anonymous_11)
FN:101,(anonymous_12)
FN:111,(anonymous_13)
FN:114,(anonymous_14)
FN:130,(anonymous_15)
FNF:15
FNH:15
FNDA:3,(anonymous_1)
FNDA:1,(anonymous_2)
FNDA:2,(anonymous_3)
FNDA:2,(anonymous_4)
FNDA:2,(anonymous_5)
FNDA:4,(anonymous_6)
FNDA:2,(anonymous_7)
FNDA:2,(anonymous_8)
FNDA:1,(anonymous_9)
FNDA:1,(anonymous_10)
FNDA:2,(anonymous_11)
FNDA:1,(anonymous_12)
FNDA:2,(anonymous_13)
FNDA:7,(anonymous_14)
FNDA:1,(anonymous_15)
DA:2,1
DA:8,1
DA:15,3
DA:16,1
DA:20,3
DA:30,2
DA:34,3
DA:40,2
DA:41,2
DA:49,2
DA:50,2
DA:51,4
DA:52,28
DA:53,4
DA:66,3
DA:67,2
DA:68,2
DA:78,3
DA:80,1
DA:81,1
DA:82,1
DA:83,1
DA:84,1
DA:89,1
DA:90,2
DA:91,2
DA:96,1
DA:98,1
DA:101,1
DA:102,1
DA:111,3
DA:112,2
DA:113,1
DA:114,1
DA:115,7
DA:116,7
DA:119,1
DA:120,7
DA:130,3
DA:131,1
DA:132,1
DA:133,0
DA:134,0
DA:135,0
DA:139,1
DA:141,1
LF:46
LH:43
BRDA:52,1,0,4
BRDA:52,1,1,24
BRDA:90,2,0,2
BRDA:90,2,1,0
BRDA:112,3,0,1
BRDA:112,3,1,1
BRDA:132,4,0,0
BRDA:132,4,1,1
BRDA:134,5,0,0
BRDA:134,5,1,0
BRF:10
BRH:6
end_of_record
TN:
SF:C:\Users\treso\Documents\Github.ugent\vopro\groep-07_frontend\frontend\app\controllers\travels\travelAddController.js
FN:10,(anonymous_1)
FN:85,(anonymous_2)
FN:95,(anonymous_3)
FN:96,(anonymous_4)
FN:107,(anonymous_5)
FN:109,(anonymous_6)
FN:117,(anonymous_7)
FN:133,(anonymous_8)
FN:154,(anonymous_9)
FN:165,(anonymous_10)
FN:168,(anonymous_11)
FN:181,(anonymous_12)
FN:185,(anonymous_13)
FN:193,(anonymous_14)
FN:194,(anonymous_15)
FN:198,(anonymous_16)
FN:220,(anonymous_17)
FN:223,(anonymous_18)
FN:239,(anonymous_19)
FN:258,(anonymous_20)
FN:275,(anonymous_21)
FNF:21
FNH:19
FNDA:4,(anonymous_1)
FNDA:0,(anonymous_2)
FNDA:4,(anonymous_3)
FNDA:0,(anonymous_4)
FNDA:2,(anonymous_5)
FNDA:4,(anonymous_6)
FNDA:7,(anonymous_7)
FNDA:2,(anonymous_8)
FNDA:4,(anonymous_9)
FNDA:4,(anonymous_10)
FNDA:2,(anonymous_11)
FNDA:4,(anonymous_12)
FNDA:2,(anonymous_13)
FNDA:2,(anonymous_14)
FNDA:2,(anonymous_15)
FNDA:2,(anonymous_16)
FNDA:2,(anonymous_17)
FNDA:7,(anonymous_18)
FNDA:1,(anonymous_19)
FNDA:2,(anonymous_20)
FNDA:1,(anonymous_21)
DA:2,1
DA:10,1
DA:17,4
DA:19,4
DA:25,4
DA:32,4
DA:34,4
DA:35,4
DA:41,4
DA:47,4
DA:54,4
DA:60,4
DA:66,4
DA:72,4
DA:78,4
DA:85,4
DA:86,0
DA:95,4
DA:96,4
DA:97,0
DA:107,4
DA:108,2
DA:109,2
DA:110,4
DA:111,0
DA:117,2
DA:118,7
DA:119,0
DA:122,2
DA:123,2
DA:124,2
DA:125,2
DA:126,2
DA:130,2
DA:131,2
DA:132,2
DA:133,2
DA:134,2
DA:135,2
DA:136,2
DA:138,2
DA:139,2
DA:140,2
DA:141,2
DA:142,2
DA:143,2
DA:144,2
DA:145,2
DA:146,2
DA:154,4
DA:159,4
DA:160,0
DA:161,0
DA:164,4
DA:165,4
DA:166,4
DA:167,3
DA:168,2
DA:170,2
DA:171,2
DA:173,2
DA:175,1
DA:178,1
DA:181,4
DA:182,4
DA:183,3
DA:184,3
DA:185,2
DA:188,2
DA:189,2
DA:190,2
DA:191,2
DA:192,2
DA:193,2
DA:194,2
DA:195,2
DA:196,1
DA:198,2
DA:199,2
DA:201,2
DA:207,1
DA:210,1
DA:220,4
DA:221,2
DA:222,1
DA:223,1
DA:224,7
DA:225,7
DA:228,1
DA:229,7
DA:239,4
DA:240,1
DA:241,1
DA:242,0
DA:243,0
DA:244,0
DA:248,1
DA:250,1
DA:258,4
DA:259,2
DA:260,1
DA:261,7
DA:264,1
DA:265,7
DA:275,4
DA:276,1
DA:277,1
DA:278,7
DA:279,7
DA:282,1
LF:110
LH:101
BRDA:110,1,0,0
BRDA:110,1,1,4
BRDA:110,2,0,4
BRDA:110,2,1,4
BRDA:110,3,0,4
BRDA:110,3,1,2
BRDA:118,4,0,0
BRDA:118,4,1,7
BRDA:118,5,0,7
BRDA:118,5,1,7
BRDA:159,6,0,0
BRDA:159,6,1,4
BRDA:159,7,0,4
BRDA:159,7,1,4
BRDA:166,8,0,3
BRDA:166,8,1,1
BRDA:167,9,0,2
BRDA:167,9,1,1
BRDA:182,10,0,3
BRDA:182,10,1,1
BRDA:184,11,0,2
BRDA:184,11,1,1
BRDA:195,12,0,1
BRDA:195,12,1,1
BRDA:221,13,0,1
BRDA:221,13,1,1
BRDA:241,14,0,0
BRDA:241,14,1,1
BRDA:243,15,0,0
BRDA:243,15,1,0
BRDA:259,16,0,1
BRDA:259,16,1,1
BRDA:278,17,0,7
BRDA:278,17,1,0
BRF:34
BRH:27
end_of_record
TN:
SF:C:\Users\treso\Documents\Github.ugent\vopro\groep-07_frontend\frontend\app\controllers\travels\travelEditController.js
FN:7,(anonymous_1)
FN:8,(anonymous_2)
FN:27,(anonymous_3)
FN:41,(anonymous_4)
FN:50,(anonymous_5)
FN:67,(anonymous_6)
FN:85,(anonymous_7)
FNF:7
FNH:6
FNDA:2,(anonymous_1)
FNDA:2,(anonymous_2)
FNDA:1,(anonymous_3)
FNDA:0,(anonymous_4)
FNDA:2,(anonymous_5)
FNDA:1,(anonymous_6)
FNDA:8,(anonymous_7)
DA:7,1
DA:8,2
DA:14,2
DA:15,2
DA:17,2
DA:18,2
DA:27,2
DA:28,1
DA:29,1
DA:31,1
DA:33,1
DA:41,2
DA:42,0
DA:50,2
DA:51,2
DA:52,1
DA:53,7
DA:56,1
DA:57,7
DA:67,2
DA:68,1
DA:69,1
DA:70,7
DA:71,5
DA:74,1
DA:85,1
DA:86,8
DA:87,8
DA:88,1
DA:90,7
DA:92,8
DA:93,3
DA:95,5
DA:97,8
LF:34
LH:33
BRDA:51,1,0,1
BRDA:51,1,1,1
BRDA:70,2,0,5
BRDA:70,2,1,2
BRDA:87,3,0,1
BRDA:87,3,1,7
BRDA:92,4,0,3
BRDA:92,4,1,5
BRF:8
BRH:8
end_of_record
TN:
SF:C:\Users\treso\Documents\Github.ugent\vopro\groep-07_frontend\frontend\app\controllers\travels\travelListController.js
FN:7,(anonymous_1)
FN:8,(anonymous_2)
FN:17,(anonymous_3)
FN:22,(anonymous_4)
FN:42,(anonymous_5)
FN:63,(anonymous_6)
FN:75,(anonymous_7)
FN:87,(anonymous_8)
FN:111,(anonymous_9)
FN:122,(anonymous_10)
FN:132,(anonymous_11)
FNF:11
FNH:11
FNDA:2,(anonymous_1)
FNDA:1,(anonymous_2)
FNDA:2,(anonymous_3)
FNDA:14,(anonymous_4)
FNDA:2,(anonymous_5)
FNDA:1,(anonymous_6)
FNDA:1,(anonymous_7)
FNDA:1,(anonymous_8)
FNDA:1,(anonymous_9)
FNDA:1,(anonymous_10)
FNDA:1,(anonymous_11)
DA:7,1
DA:8,2
DA:14,1
DA:16,1
DA:17,1
DA:19,2
DA:20,2
DA:21,2
DA:22,2
DA:23,14
DA:24,14
DA:26,14
DA:30,2
DA:31,0
DA:33,2
DA:36,2
DA:41,2
DA:43,2
DA:44,2
DA:45,2
DA:46,4
DA:47,2
DA:48,2
DA:54,2
DA:63,2
DA:64,1
DA:65,1
DA:75,2
DA:76,1
DA:77,1
DA:87,2
DA:88,1
DA:89,1
DA:111,2
DA:112,1
DA:113,1
DA:122,2
DA:123,1
DA:124,1
DA:132,2
DA:133,1
DA:134,1
LF:42
LH:41
BRDA:23,1,0,14
BRDA:23,1,1,0
BRDA:30,2,0,0
BRDA:30,2,1,2
BRDA:43,3,0,2
BRDA:43,3,1,0
BRDA:46,4,0,2
BRDA:46,4,1,2
BRF:8
BRH:5
end_of_record
TN:
SF:C:\Users\treso\Documents\Github.ugent\vopro\groep-07_frontend\frontend\app\controllers\travels\travelShowController.js
FN:8,(anonymous_1)
FN:39,(anonymous_2)
FN:47,(anonymous_3)
FN:57,(anonymous_4)
FN:58,(anonymous_5)
FN:68,(anonymous_6)
FN:70,(anonymous_7)
FN:78,(anonymous_8)
FN:92,(anonymous_9)
FN:97,(anonymous_10)
FN:107,(anonymous_11)
FN:113,(anonymous_12)
FN:116,(anonymous_13)
FN:124,(anonymous_14)
FN:130,(anonymous_15)
FN:145,(anonymous_16)
FN:156,(anonymous_17)
FN:166,(anonymous_18)
FN:177,(anonymous_19)
FNF:19
FNH:16
FNDA:5,(anonymous_1)
FNDA:1,(anonymous_2)
FNDA:1,(anonymous_3)
FNDA:5,(anonymous_4)
FNDA:5,(anonymous_5)
FNDA:1,(anonymous_6)
FNDA:0,(anonymous_7)
FNDA:0,(anonymous_8)
FNDA:1,(anonymous_9)
FNDA:0,(anonymous_10)
FNDA:1,(anonymous_11)
FNDA:5,(anonymous_12)
FNDA:5,(anonymous_13)
FNDA:5,(anonymous_14)
FNDA:35,(anonymous_15)
FNDA:1,(anonymous_16)
FNDA:1,(anonymous_17)
FNDA:1,(anonymous_18)
FNDA:1,(anonymous_19)
DA:1,1
DA:8,1
DA:14,5
DA:20,5
DA:26,5
DA:32,5
DA:39,5
DA:40,1
DA:47,5
DA:48,1
DA:57,5
DA:58,5
DA:59,5
DA:68,5
DA:69,1
DA:70,1
DA:71,0
DA:72,0
DA:78,1
DA:79,0
DA:80,0
DA:83,1
DA:84,1
DA:85,1
DA:86,1
DA:87,1
DA:88,1
DA:89,1
DA:90,1
DA:92,1
DA:93,1
DA:94,1
DA:95,1
DA:97,1
DA:98,0
DA:100,1
DA:101,1
DA:102,1
DA:103,1
DA:104,1
DA:105,1
DA:106,1
DA:107,1
DA:108,1
DA:113,5
DA:114,5
DA:115,5
DA:116,5
DA:117,5
DA:121,5
DA:124,5
DA:125,5
DA:127,5
DA:128,5
DA:129,5
DA:130,5
DA:131,35
DA:132,10
DA:134,35
DA:145,5
DA:146,1
DA:147,1
DA:156,5
DA:157,1
DA:166,5
DA:167,1
DA:168,1
DA:177,5
DA:178,1
DA:179,1
LF:70
LH:65
BRDA:71,1,0,0
BRDA:71,1,1,0
BRDA:79,2,0,0
BRDA:79,2,1,0
BRDA:131,3,0,10
BRDA:131,3,1,25
BRF:6
BRH:2
end_of_record
TN:
SF:C:\Users\treso\Documents\Github.ugent\vopro\groep-07_frontend\frontend\app\controllers\users\userAddController.js
FN:6,(anonymous_1)
FN:54,(anonymous_2)
FN:93,(anonymous_3)
FN:95,(anonymous_4)
FN:98,(anonymous_5)
FN:103,(anonymous_6)
FN:125,(anonymous_7)
FN:136,(anonymous_8)
FNF:8
FNH:8
FNDA:9,(anonymous_1)
FNDA:10,(anonymous_2)
FNDA:2,(anonymous_3)
FNDA:1,(anonymous_4)
FNDA:1,(anonymous_5)
FNDA:2,(anonymous_6)
FNDA:9,(anonymous_7)
FNDA:2,(anonymous_8)
DA:6,1
DA:13,9
DA:21,9
DA:29,9
DA:37,9
DA:45,9
DA:47,9
DA:54,9
DA:56,10
DA:59,10
DA:60,2
DA:61,2
DA:65,8
DA:67,6
DA:69,6
DA:71,6
DA:72,6
DA:73,1
DA:74,1
DA:78,7
DA:79,1
DA:80,1
DA:84,6
DA:86,1
DA:87,1
DA:91,5
DA:93,4
DA:95,2
DA:97,1
DA:100,1
DA:104,2
DA:105,1
DA:107,1
DA:112,1
DA:113,1
DA:116,4
DA:125,9
DA:126,9
DA:127,9
DA:128,9
DA:136,9
DA:137,2
LF:42
LH:42
BRDA:59,1,0,2
BRDA:59,1,1,8
BRDA:59,2,0,10
BRDA:59,2,1,9
BRDA:65,3,0,6
BRDA:65,3,1,2
BRDA:72,4,0,1
BRDA:72,4,1,5
BRDA:72,5,0,6
BRDA:72,5,1,6
BRDA:72,5,2,1
BRDA:78,6,0,1
BRDA:78,6,1,6
BRDA:84,7,0,1
BRDA:84,7,1,5
BRDA:91,8,0,4
BRDA:91,8,1,1
BRDA:104,9,0,1
BRDA:104,9,1,1
BRF:19
BRH:19
end_of_record
TN:
SF:C:\Users\treso\Documents\Github.ugent\vopro\groep-07_frontend\frontend\app\controllers\users\userChangePassController.js
FN:6,(anonymous_1)
FN:45,(anonymous_2)
FN:55,(anonymous_3)
FN:57,(anonymous_4)
FN:71,(anonymous_5)
FN:82,(anonymous_6)
FN:91,(anonymous_7)
FNF:7
FNH:7
FNDA:4,(anonymous_1)
FNDA:3,(anonymous_2)
FNDA:1,(anonymous_3)
FNDA:1,(anonymous_4)
FNDA:2,(anonymous_5)
FNDA:1,(anonymous_6)
FNDA:1,(anonymous_7)
DA:6,1
DA:13,4
DA:20,4
DA:21,4
DA:22,4
DA:30,4
DA:38,4
DA:45,4
DA:50,3
DA:52,1
DA:53,1
DA:55,2
DA:56,1
DA:58,1
DA:59,1
DA:62,2
DA:71,4
DA:72,2
DA:73,2
DA:74,2
DA:82,4
DA:83,1
DA:91,4
DA:93,1
LF:24
LH:24
BRDA:50,1,0,1
BRDA:50,1,1,2
BRF:2
BRH:2
end_of_record
TN:
SF:C:\Users\treso\Documents\Github.ugent\vopro\groep-07_frontend\frontend\app\controllers\users\userEditController.js
FN:6,(anonymous_1)
FN:27,(anonymous_2)
FN:67,(anonymous_3)
FN:78,(anonymous_4)
FN:87,(anonymous_5)
FNF:5
FNH:4
FNDA:4,(anonymous_1)
FNDA:3,(anonymous_2)
FNDA:2,(anonymous_3)
FNDA:1,(anonymous_4)
FNDA:0,(anonymous_5)
DA:6,1
DA:13,4
DA:20,4
DA:27,4
DA:29,3
DA:30,1
DA:31,1
DA:35,2
DA:37,2
DA:39,2
DA:41,2
DA:42,2
DA:43,1
DA:44,1
DA:48,1
DA:49,0
DA:50,0
DA:55,1
DA:57,1
DA:67,4
DA:68,2
DA:69,2
DA:70,2
DA:78,4
DA:79,1
DA:87,4
DA:89,0
LF:27
LH:24
BRDA:29,1,0,1
BRDA:29,1,1,2
BRDA:29,2,0,3
BRDA:29,2,1,2
BRDA:35,3,0,2
BRDA:35,3,1,0
BRDA:42,4,0,1
BRDA:42,4,1,1
BRDA:42,5,0,2
BRDA:42,5,1,1
BRDA:42,5,2,1
BRDA:48,6,0,0
BRDA:48,6,1,1
BRF:13
BRH:11
end_of_record
TN:
SF:C:\Users\treso\Documents\Github.ugent\vopro\groep-07_frontend\frontend\app\controllers\users\userEventsShowController.js
FN:7,(anonymous_1)
FN:62,(anonymous_2)
FNF:2
FNH:2
FNDA:1,(anonymous_1)
FNDA:1,(anonymous_2)
DA:1,1
DA:7,1
DA:62,1
DA:63,1
DA:72,1
LF:5
LH:5
BRF:0
BRH:0
end_of_record
TN:
SF:C:\Users\treso\Documents\Github.ugent\vopro\groep-07_frontend\frontend\app\controllers\users\userForgotPasswordController.js
FN:6,(anonymous_1)
FN:41,(anonymous_2)
FN:46,(anonymous_3)
FN:61,(anonymous_4)
FN:68,(anonymous_5)
FN:80,(anonymous_6)
FNF:6
FNH:5
FNDA:2,(anonymous_1)
FNDA:2,(anonymous_2)
FNDA:1,(anonymous_3)
FNDA:1,(anonymous_4)
FNDA:1,(anonymous_5)
FNDA:0,(anonymous_6)
DA:6,1
DA:13,2
DA:14,2
DA:22,2
DA:24,2
DA:32,2
DA:34,2
DA:41,2
DA:42,2
DA:43,1
DA:44,1
DA:46,1
DA:47,1
DA:50,1
DA:61,2
DA:62,1
DA:63,1
DA:64,1
DA:65,1
DA:68,2
DA:69,1
DA:70,1
DA:71,1
DA:72,1
DA:80,2
DA:81,0
LF:26
LH:25
BRDA:42,1,0,1
BRDA:42,1,1,1
BRF:2
BRH:2
end_of_record
TN:
SF:C:\Users\treso\Documents\Github.ugent\vopro\groep-07_frontend\frontend\app\controllers\users\userForgotPasswordRecoverController.js
FN:6,(anonymous_1)
FN:29,(anonymous_2)
FN:35,successCallback
FN:39,(anonymous_4)
FN:43,errorCallback
FN:61,(anonymous_6)
FN:72,(anonymous_7)
FNF:7
FNH:7
FNDA:3,(anonymous_1)
FNDA:3,(anonymous_2)
FNDA:1,successCallback
FNDA:1,(anonymous_4)
FNDA:1,errorCallback
FNDA:2,(anonymous_6)
FNDA:2,(anonymous_7)
DA:6,1
DA:14,3
DA:22,3
DA:29,3
DA:30,3
DA:31,2
DA:35,2
DA:38,1
DA:39,1
DA:41,1
DA:46,1
DA:47,1
DA:51,1
DA:61,3
DA:62,2
DA:63,2
DA:64,2
DA:72,3
DA:73,2
LF:19
LH:19
BRDA:30,1,0,2
BRDA:30,1,1,1
BRDA:46,2,0,1
BRDA:46,2,1,0
BRF:4
BRH:3
end_of_record
TN:
SF:C:\Users\treso\Documents\Github.ugent\vopro\groep-07_frontend\frontend\app\controllers\users\userListAdminController.js
FN:7,(anonymous_1)
FN:25,(anonymous_2)
FN:31,(anonymous_3)
FN:42,(anonymous_4)
FN:43,(anonymous_5)
FN:48,(anonymous_6)
FN:61,(anonymous_7)
FN:62,(anonymous_8)
FN:73,(anonymous_9)
FN:74,(anonymous_10)
FN:81,(anonymous_11)
FN:86,(anonymous_12)
FN:91,(anonymous_13)
FN:92,(anonymous_14)
FN:99,(anonymous_15)
FN:101,(anonymous_16)
FNF:16
FNH:11
FNDA:3,(anonymous_1)
FNDA:3,(anonymous_2)
FNDA:0,(anonymous_3)
FNDA:1,(anonymous_4)
FNDA:2,(anonymous_5)
FNDA:1,(anonymous_6)
FNDA:1,(anonymous_7)
FNDA:1,(anonymous_8)
FNDA:0,(anonymous_9)
FNDA:0,(anonymous_10)
FNDA:1,(anonymous_11)
FNDA:1,(anonymous_12)
FNDA:0,(anonymous_13)
FNDA:0,(anonymous_14)
FNDA:1,(anonymous_15)
FNDA:1,(anonymous_16)
DA:7,1
DA:14,3
DA:21,3
DA:23,3
DA:26,3
DA:27,3
DA:42,3
DA:43,1
DA:44,2
DA:45,1
DA:48,1
DA:49,1
DA:50,1
DA:51,1
DA:61,3
DA:62,1
DA:64,1
DA:73,3
DA:74,0
DA:75,0
DA:76,0
DA:77,0
DA:81,3
DA:82,1
DA:87,1
DA:91,3
DA:92,0
DA:93,0
DA:94,0
DA:95,0
DA:99,3
DA:100,1
DA:101,1
DA:102,1
DA:103,1
DA:104,1
LF:36
LH:28
BRDA:44,1,0,1
BRDA:44,1,1,1
BRF:2
BRH:2
end_of_record
TN:
SF:C:\Users\treso\Documents\Github.ugent\vopro\groep-07_frontend\frontend\app\controllers\users\userListController.js
FN:7,(anonymous_1)
FN:22,(anonymous_2)
FN:23,(anonymous_3)
FN:31,(anonymous_4)
FN:32,(anonymous_5)
FN:37,(anonymous_6)
FN:38,(anonymous_7)
FNF:7
FNH:5
FNDA:2,(anonymous_1)
FNDA:1,(anonymous_2)
FNDA:1,(anonymous_3)
FNDA:1,(anonymous_4)
FNDA:1,(anonymous_5)
FNDA:0,(anonymous_6)
FNDA:0,(anonymous_7)
DA:7,1
DA:14,2
DA:22,2
DA:23,1
DA:24,1
DA:25,1
DA:26,1
DA:28,1
DA:31,2
DA:32,1
DA:34,1
DA:37,2
DA:38,0
DA:39,0
DA:40,0
DA:41,0
LF:16
LH:12
BRF:0
BRH:0
end_of_record
TN:
SF:C:\Users\treso\Documents\Github.ugent\vopro\groep-07_frontend\frontend\app\controllers\users\userMailValidationController.js
FN:6,(anonymous_1)
FN:38,(anonymous_2)
FN:50,(anonymous_3)
FN:61,(anonymous_4)
FN:70,(anonymous_5)
FN:79,successCallback
FN:83,errorCallback
FNF:7
FNH:5
FNDA:2,(anonymous_1)
FNDA:1,(anonymous_2)
FNDA:1,(anonymous_3)
FNDA:0,(anonymous_4)
FNDA:0,(anonymous_5)
FNDA:1,successCallback
FNDA:1,errorCallback
DA:6,1
DA:14,2
DA:22,2
DA:30,2
DA:38,2
DA:39,1
DA:40,1
DA:41,1
DA:50,2
DA:51,1
DA:52,1
DA:53,1
DA:61,2
DA:62,0
DA:70,2
DA:71,0
DA:74,2
DA:79,2
DA:82,1
DA:86,1
DA:87,1
LF:21
LH:19
BRDA:86,1,0,1
BRDA:86,1,1,0
BRF:2
BRH:1
end_of_record
TN:
SF:C:\Users\treso\Documents\Github.ugent\vopro\groep-07_frontend\frontend\app\controllers\users\userShowController.js
FN:6,(anonymous_1)
FN:20,(anonymous_2)
FN:29,(anonymous_3)
FN:30,(anonymous_4)
FN:42,(anonymous_5)
FN:54,(anonymous_6)
FN:55,(anonymous_7)
FN:79,(anonymous_8)
FN:83,(anonymous_9)
FN:85,(anonymous_10)
FN:86,(anonymous_11)
FNF:11
FNH:3
FNDA:2,(anonymous_1)
FNDA:0,(anonymous_2)
FNDA:0,(anonymous_3)
FNDA:0,(anonymous_4)
FNDA:0,(anonymous_5)
FNDA:1,(anonymous_6)
FNDA:1,(anonymous_7)
FNDA:0,(anonymous_8)
FNDA:0,(anonymous_9)
FNDA:0,(anonymous_10)
FNDA:0,(anonymous_11)
DA:6,1
DA:13,2
DA:20,2
DA:21,0
DA:29,2
DA:30,0
DA:31,0
DA:32,0
DA:33,0
DA:42,2
DA:44,0
DA:47,2
DA:54,2
DA:55,1
DA:56,1
DA:57,0
DA:58,0
DA:61,1
DA:62,1
DA:63,1
DA:66,1
DA:70,1
DA:71,1
DA:72,1
DA:73,1
DA:75,1
DA:79,2
DA:81,0
DA:83,0
DA:85,2
DA:86,0
DA:87,0
DA:88,0
DA:89,0
LF:34
LH:20
BRDA:56,1,0,0
BRDA:56,1,1,1
BRDA:62,2,0,1
BRDA:62,2,1,0
BRF:4
BRH:2
end_of_record
TN:
SF:C:\Users\treso\Documents\Github.ugent\vopro\groep-07_frontend\frontend\app\controllers\pois\poiAddController.js
FN:9,(anonymous_1)
FN:71,(anonymous_2)
FN:76,(anonymous_3)
FN:79,(anonymous_4)
FN:81,(anonymous_5)
FN:87,(anonymous_6)
FN:106,(anonymous_7)
FN:115,(anonymous_8)
FN:117,(anonymous_9)
FN:127,(anonymous_10)
FN:130,(anonymous_11)
FN:146,(anonymous_12)
FNF:12
FNH:10
FNDA:2,(anonymous_1)
FNDA:3,(anonymous_2)
FNDA:3,(anonymous_3)
FNDA:1,(anonymous_4)
FNDA:7,(anonymous_5)
FNDA:1,(anonymous_6)
FNDA:1,(anonymous_7)
FNDA:0,(anonymous_8)
FNDA:0,(anonymous_9)
FNDA:2,(anonymous_10)
FNDA:7,(anonymous_11)
FNDA:1,(anonymous_12)
DA:2,1
DA:9,1
DA:16,2
DA:24,2
DA:32,2
DA:40,2
DA:48,2
DA:56,2
DA:64,2
DA:71,2
DA:72,3
DA:73,0
DA:74,0
DA:76,3
DA:77,3
DA:78,2
DA:79,1
DA:80,1
DA:81,1
DA:82,7
DA:83,0
DA:86,1
DA:87,1
DA:88,1
DA:92,1
DA:95,1
DA:106,2
DA:107,1
DA:115,2
DA:117,0
DA:118,0
DA:127,2
DA:128,2
DA:129,1
DA:130,1
DA:131,7
DA:132,7
DA:135,1
DA:136,7
DA:146,2
DA:147,1
DA:148,1
DA:149,0
DA:150,0
DA:151,0
DA:155,1
DA:157,1
LF:47
LH:39
BRDA:72,1,0,0
BRDA:72,1,1,3
BRDA:77,2,0,2
BRDA:77,2,1,1
BRDA:78,3,0,1
BRDA:78,3,1,1
BRDA:82,4,0,0
BRDA:82,4,1,7
BRDA:82,5,0,7
BRDA:82,5,1,7
BRDA:128,6,0,1
BRDA:128,6,1,1
BRDA:148,7,0,0
BRDA:148,7,1,1
BRDA:150,8,0,0
BRDA:150,8,1,0
BRF:16
BRH:11
end_of_record
TN:
SF:C:\Users\treso\Documents\Github.ugent\vopro\groep-07_frontend\frontend\app\controllers\pois\poiEditController.js
FN:9,(anonymous_1)
FN:25,(anonymous_2)
FN:51,(anonymous_3)
FN:53,(anonymous_4)
FN:84,(anonymous_5)
FN:89,(anonymous_6)
FN:92,(anonymous_7)
FN:94,(anonymous_8)
FN:119,(anonymous_9)
FN:128,(anonymous_10)
FN:130,(anonymous_11)
FN:138,(anonymous_12)
FN:141,(anonymous_13)
FN:157,(anonymous_14)
FN:172,(anonymous_15)
FN:175,(anonymous_16)
FNF:16
FNH:14
FNDA:3,(anonymous_1)
FNDA:2,(anonymous_2)
FNDA:2,(anonymous_3)
FNDA:14,(anonymous_4)
FNDA:3,(anonymous_5)
FNDA:3,(anonymous_6)
FNDA:1,(anonymous_7)
FNDA:7,(anonymous_8)
FNDA:1,(anonymous_9)
FNDA:0,(anonymous_10)
FNDA:0,(anonymous_11)
FNDA:2,(anonymous_12)
FNDA:7,(anonymous_13)
FNDA:2,(anonymous_14)
FNDA:6,(anonymous_15)
FNDA:42,(anonymous_16)
DA:2,1
DA:9,1
DA:14,3
DA:16,3
DA:18,3
DA:20,3
DA:22,3
DA:25,3
DA:31,2
DA:39,2
DA:47,2
DA:51,2
DA:52,2
DA:53,2
DA:54,14
DA:55,98
DA:56,14
DA:59,14
DA:70,3
DA:78,3
DA:84,3
DA:85,3
DA:86,0
DA:87,0
DA:89,3
DA:90,3
DA:91,2
DA:92,1
DA:93,1
DA:94,1
DA:95,7
DA:96,0
DA:100,1
DA:101,1
DA:102,1
DA:105,1
DA:108,1
DA:119,3
DA:120,1
DA:128,3
DA:130,0
DA:138,3
DA:139,2
DA:140,1
DA:141,1
DA:142,7
DA:143,7
DA:146,1
DA:147,7
DA:157,3
DA:158,2
DA:159,2
DA:160,2
DA:161,14
DA:162,7
DA:166,0
DA:168,2
DA:172,1
DA:173,6
DA:174,6
DA:175,6
DA:176,42
DA:177,6
DA:178,36
DA:179,6
DA:180,30
DA:181,6
DA:182,24
DA:183,6
DA:184,18
DA:185,6
DA:188,6
DA:192,6
LF:73
LH:68
BRDA:55,1,0,14
BRDA:55,1,1,84
BRDA:85,2,0,0
BRDA:85,2,1,3
BRDA:90,3,0,2
BRDA:90,3,1,1
BRDA:91,4,0,1
BRDA:91,4,1,1
BRDA:95,5,0,0
BRDA:95,5,1,7
BRDA:95,6,0,7
BRDA:95,6,1,7
BRDA:139,7,0,1
BRDA:139,7,1,1
BRDA:159,8,0,2
BRDA:159,8,1,0
BRDA:161,9,0,7
BRDA:161,9,1,7
BRDA:176,10,0,6
BRDA:176,10,1,36
BRDA:176,11,0,42
BRDA:176,11,1,36
BRDA:178,12,0,6
BRDA:178,12,1,30
BRDA:180,13,0,6
BRDA:180,13,1,24
BRDA:182,14,0,6
BRDA:182,14,1,18
BRDA:184,15,0,6
BRDA:184,15,1,12
BRF:30
BRH:27
end_of_record
TN:
SF:C:\Users\treso\Documents\Github.ugent\vopro\groep-07_frontend\frontend\app\controllers\pois\poiListController.js
FN:6,(anonymous_1)
FN:22,(anonymous_2)
FN:36,(anonymous_3)
FN:49,(anonymous_4)
FN:53,successCallback
FN:56,errorCallback
FN:71,(anonymous_7)
FNF:7
FNH:7
FNDA:4,(anonymous_1)
FNDA:1,(anonymous_2)
FNDA:1,(anonymous_3)
FNDA:2,(anonymous_4)
FNDA:1,successCallback
FNDA:1,errorCallback
FNDA:1,(anonymous_7)
DA:6,1
DA:12,4
DA:14,4
DA:22,4
DA:23,1
DA:26,0
DA:36,4
DA:37,1
DA:40,1
DA:49,4
DA:50,2
DA:53,2
DA:55,1
DA:59,1
DA:71,4
DA:74,1
LF:16
LH:15
BRDA:23,1,0,0
BRDA:23,1,1,1
BRF:2
BRH:1
end_of_record
TN:
SF:C:\Users\treso\Documents\Github.ugent\vopro\groep-07_frontend\frontend\app\controllers\pois\poiShowController.js
FN:9,(anonymous_1)
FN:28,(anonymous_2)
FN:38,(anonymous_3)
FN:51,(anonymous_4)
FNF:4
FNH:4
FNDA:3,(anonymous_1)
FNDA:1,(anonymous_2)
FNDA:1,(anonymous_3)
FNDA:1,(anonymous_4)
DA:2,1
DA:9,1
DA:14,3
DA:21,3
DA:28,3
DA:31,1
DA:38,3
DA:41,1
DA:43,1
DA:51,3
DA:54,1
LF:11
LH:11
BRF:0
BRH:0
end_of_record
TN:
SF:C:\Users\treso\Documents\Github.ugent\vopro\groep-07_frontend\frontend\app\translation_tables\translations_nl.js
FNF:0
FNH:0
DA:1,1
LF:1
LH:1
BRF:0
BRH:0
end_of_record
TN:
SF:C:\Users\treso\Documents\Github.ugent\vopro\groep-07_frontend\frontend\app\directives\gmapsEventAddDirective.js
FN:1,(anonymous_1)
FN:5,(anonymous_2)
FN:18,(anonymous_3)
FN:76,(anonymous_4)
FN:113,(anonymous_5)
FN:122,(anonymous_6)
FN:148,(anonymous_7)
FN:157,(anonymous_8)
FN:191,(anonymous_9)
FN:194,(anonymous_10)
FN:197,(anonymous_11)
FN:199,(anonymous_12)
FN:214,(anonymous_13)
FN:215,(anonymous_14)
FN:227,(anonymous_15)
FN:228,(anonymous_16)
FNF:16
FNH:6
FNDA:1,(anonymous_1)
FNDA:1,(anonymous_2)
FNDA:1,(anonymous_3)
FNDA:1,(anonymous_4)
FNDA:0,(anonymous_5)
FNDA:0,(anonymous_6)
FNDA:2,(anonymous_7)
FNDA:0,(anonymous_8)
FNDA:0,(anonymous_9)
FNDA:0,(anonymous_10)
FNDA:1,(anonymous_11)
FNDA:0,(anonymous_12)
FNDA:0,(anonymous_13)
FNDA:0,(anonymous_14)
FNDA:0,(anonymous_15)
FNDA:0,(anonymous_16)
DA:1,1
DA:2,1
DA:11,1
DA:18,1
DA:19,1
DA:20,1
DA:21,1
DA:22,0
DA:33,1
DA:45,0
DA:46,0
DA:48,0
DA:49,0
DA:51,0
DA:52,0
DA:53,0
DA:63,1
DA:70,1
DA:76,1
DA:77,1
DA:78,1
DA:86,1
DA:87,1
DA:88,1
DA:99,0
DA:105,1
DA:106,1
DA:112,1
DA:113,1
DA:114,0
DA:115,0
DA:122,0
DA:123,0
DA:124,0
DA:126,0
DA:127,0
DA:128,0
DA:133,0
DA:148,1
DA:149,2
DA:150,2
DA:157,2
DA:158,0
DA:159,0
DA:161,2
DA:162,2
DA:163,0
DA:168,2
DA:174,0
DA:185,1
DA:186,1
DA:187,1
DA:188,1
DA:189,1
DA:190,1
DA:191,1
DA:192,0
DA:194,1
DA:195,0
DA:197,1
DA:199,1
DA:200,0
DA:201,0
DA:202,0
DA:203,0
DA:214,1
DA:215,0
DA:216,0
DA:217,0
DA:218,0
DA:219,0
DA:227,1
DA:228,0
DA:229,0
DA:230,0
DA:231,0
LF:76
LH:39
BRDA:19,1,0,1
BRDA:19,1,1,0
BRDA:21,2,0,0
BRDA:21,2,1,1
BRDA:45,3,0,0
BRDA:45,3,1,0
BRDA:48,4,0,0
BRDA:48,4,1,0
BRDA:87,5,0,1
BRDA:87,5,1,0
BRDA:114,6,0,0
BRDA:114,6,1,0
BRDA:127,7,0,0
BRDA:127,7,1,0
BRDA:149,8,0,2
BRDA:149,8,1,0
BRDA:162,9,0,0
BRDA:162,9,1,2
BRDA:200,10,0,0
BRDA:200,10,1,0
BRDA:201,11,0,0
BRDA:201,11,1,0
BRF:22
BRH:5
end_of_record
TN:
SF:C:\Users\treso\Documents\Github.ugent\vopro\groep-07_frontend\frontend\app\directives\gmapsEventEditDirective.js
FN:1,(anonymous_1)
FN:5,(anonymous_2)
FN:19,(anonymous_3)
FN:35,(anonymous_4)
FN:36,(anonymous_5)
FN:52,(anonymous_6)
FN:54,(anonymous_7)
FNF:7
FNH:5
FNDA:2,(anonymous_1)
FNDA:2,(anonymous_2)
FNDA:0,(anonymous_3)
FNDA:2,(anonymous_4)
FNDA:2,(anonymous_5)
FNDA:2,(anonymous_6)
FNDA:0,(anonymous_7)
DA:1,1
DA:2,2
DA:13,2
DA:19,2
DA:20,0
DA:21,0
DA:29,2
DA:35,2
DA:36,2
DA:37,2
DA:38,2
DA:39,2
DA:41,2
DA:47,2
DA:53,2
DA:54,2
DA:55,0
DA:56,0
DA:58,0
LF:19
LH:14
BRDA:53,1,0,2
BRDA:53,1,1,0
BRDA:55,2,0,0
BRDA:55,2,1,0
BRF:4
BRH:1
end_of_record
TN:
SF:C:\Users\treso\Documents\Github.ugent\vopro\groep-07_frontend\frontend\app\directives\gmapsEventShowDirective.js
FN:1,(anonymous_1)
FN:5,(anonymous_2)
FN:28,(anonymous_3)
FN:29,(anonymous_4)
FN:61,(anonymous_5)
FN:71,(anonymous_6)
FN:110,(anonymous_7)
FN:112,(anonymous_8)
FNF:8
FNH:4
FNDA:2,(anonymous_1)
FNDA:2,(anonymous_2)
FNDA:0,(anonymous_3)
FNDA:0,(anonymous_4)
FNDA:0,(anonymous_5)
FNDA:1,(anonymous_6)
FNDA:1,(anonymous_7)
FNDA:0,(anonymous_8)
DA:1,1
DA:2,2
DA:6,2
DA:7,2
DA:8,2
DA:14,2
DA:20,2
DA:28,2
DA:29,0
DA:30,0
DA:32,0
DA:42,0
DA:52,0
DA:53,0
DA:55,0
DA:61,0
DA:62,0
DA:63,0
DA:66,0
DA:67,0
DA:68,0
DA:71,2
DA:78,1
DA:79,1
DA:80,1
DA:81,1
DA:88,1
DA:90,1
DA:96,1
DA:97,1
DA:110,1
DA:111,1
DA:112,1
DA:113,0
DA:114,0
DA:116,0
DA:121,1
DA:126,1
DA:127,1
DA:131,1
DA:132,1
DA:133,1
DA:139,1
LF:43
LH:27
BRDA:62,1,0,0
BRDA:62,1,1,0
BRDA:111,2,0,1
BRDA:111,2,1,0
BRDA:113,3,0,0
BRDA:113,3,1,0
BRF:6
BRH:1
end_of_record
TN:
SF:C:\Users\treso\Documents\Github.ugent\vopro\groep-07_frontend\frontend\app\directives\gmapsPoiAddDirective.js
FN:1,(anonymous_1)
FN:6,(anonymous_2)
FN:34,(anonymous_3)
FN:40,(anonymous_4)
FN:42,(anonymous_5)
FN:46,(anonymous_6)
FN:49,(anonymous_7)
FN:55,(anonymous_8)
FN:59,(anonymous_9)
FN:69,(anonymous_10)
FN:97,(anonymous_11)
FN:106,(anonymous_12)
FN:114,(anonymous_13)
FN:117,(anonymous_14)
FN:118,(anonymous_15)
FN:135,(anonymous_16)
FN:143,(anonymous_17)
FN:144,(anonymous_18)
FN:165,(anonymous_19)
FN:166,(anonymous_20)
FN:181,(anonymous_21)
FN:182,(anonymous_22)
FN:195,(anonymous_23)
FN:197,(anonymous_24)
FNF:24
FNH:8
FNDA:2,(anonymous_1)
FNDA:2,(anonymous_2)
FNDA:0,(anonymous_3)
FNDA:2,(anonymous_4)
FNDA:0,(anonymous_5)
FNDA:0,(anonymous_6)
FNDA:0,(anonymous_7)
FNDA:0,(anonymous_8)
FNDA:0,(anonymous_9)
FNDA:1,(anonymous_10)
FNDA:1,(anonymous_11)
FNDA:0,(anonymous_12)
FNDA:0,(anonymous_13)
FNDA:0,(anonymous_14)
FNDA:0,(anonymous_15)
FNDA:1,(anonymous_16)
FNDA:0,(anonymous_17)
FNDA:0,(anonymous_18)
FNDA:0,(anonymous_19)
FNDA:0,(anonymous_20)
FNDA:0,(anonymous_21)
FNDA:0,(anonymous_22)
FNDA:1,(anonymous_23)
FNDA:1,(anonymous_24)
DA:1,1
DA:2,2
DA:12,2
DA:14,2
DA:16,2
DA:18,2
DA:20,2
DA:22,2
DA:23,2
DA:29,2
DA:31,2
DA:32,2
DA:33,2
DA:34,2
DA:35,0
DA:38,2
DA:40,2
DA:42,2
DA:43,0
DA:46,2
DA:47,0
DA:49,0
DA:50,0
DA:55,2
DA:56,0
DA:59,2
DA:60,0
DA:69,2
DA:71,1
DA:72,0
DA:75,1
DA:84,1
DA:85,1
DA:87,1
DA:97,2
DA:99,1
DA:106,1
DA:107,0
DA:108,0
DA:110,0
DA:114,1
DA:115,0
DA:117,1
DA:118,0
DA:119,0
DA:120,0
DA:121,0
DA:126,1
DA:127,1
DA:135,2
DA:136,1
DA:137,0
DA:139,1
DA:143,1
DA:144,0
DA:145,0
DA:146,0
DA:147,0
DA:152,1
DA:153,1
DA:154,0
DA:155,0
DA:165,2
DA:166,0
DA:167,0
DA:168,0
DA:169,0
DA:170,0
DA:171,0
DA:172,0
DA:181,2
DA:182,0
DA:183,0
DA:184,0
DA:185,0
DA:186,0
DA:195,2
DA:197,1
DA:198,1
LF:79
LH:44
BRDA:47,1,0,0
BRDA:47,1,1,0
BRDA:71,2,0,0
BRDA:71,2,1,1
BRDA:84,3,0,1
BRDA:84,3,1,0
BRDA:84,4,0,1
BRDA:84,4,1,1
BRDA:107,5,0,0
BRDA:107,5,1,0
BRDA:119,6,0,0
BRDA:119,6,1,0
BRDA:120,7,0,0
BRDA:120,7,1,0
BRDA:136,8,0,0
BRDA:136,8,1,1
BRDA:145,9,0,0
BRDA:145,9,1,0
BRDA:146,10,0,0
BRDA:146,10,1,0
BRDA:153,11,0,0
BRDA:153,11,1,1
BRF:22
BRH:6
end_of_record
TN:
SF:C:\Users\treso\Documents\Github.ugent\vopro\groep-07_frontend\frontend\app\directives\gmapsPoiEditDirective.js
FN:1,(anonymous_1)
FN:6,(anonymous_2)
FN:22,(anonymous_3)
FN:36,(anonymous_4)
FN:42,(anonymous_5)
FN:44,(anonymous_6)
FN:48,(anonymous_7)
FN:51,(anonymous_8)
FN:56,(anonymous_9)
FN:60,(anonymous_10)
FN:76,(anonymous_11)
FN:77,(anonymous_12)
FN:85,(anonymous_13)
FN:93,(anonymous_14)
FN:100,(anonymous_15)
FN:125,(anonymous_16)
FN:153,(anonymous_17)
FN:161,(anonymous_18)
FN:169,(anonymous_19)
FN:181,(anonymous_20)
FN:194,(anonymous_21)
FN:195,(anonymous_22)
FN:213,(anonymous_23)
FN:214,(anonymous_24)
FN:229,(anonymous_25)
FN:230,(anonymous_26)
FN:243,(anonymous_27)
FN:245,(anonymous_28)
FNF:28
FNH:10
FNDA:3,(anonymous_1)
FNDA:3,(anonymous_2)
FNDA:2,(anonymous_3)
FNDA:0,(anonymous_4)
FNDA:2,(anonymous_5)
FNDA:0,(anonymous_6)
FNDA:0,(anonymous_7)
FNDA:0,(anonymous_8)
FNDA:0,(anonymous_9)
FNDA:0,(anonymous_10)
FNDA:0,(anonymous_11)
FNDA:0,(anonymous_12)
FNDA:2,(anonymous_13)
FNDA:0,(anonymous_14)
FNDA:0,(anonymous_15)
FNDA:1,(anonymous_16)
FNDA:1,(anonymous_17)
FNDA:0,(anonymous_18)
FNDA:0,(anonymous_19)
FNDA:1,(anonymous_20)
FNDA:0,(anonymous_21)
FNDA:0,(anonymous_22)
FNDA:0,(anonymous_23)
FNDA:0,(anonymous_24)
FNDA:0,(anonymous_25)
FNDA:0,(anonymous_26)
FNDA:1,(anonymous_27)
FNDA:1,(anonymous_28)
DA:1,1
DA:2,3
DA:12,3
DA:14,3
DA:16,3
DA:18,3
DA:20,3
DA:22,3
DA:23,2
DA:24,2
DA:30,2
DA:32,2
DA:34,2
DA:35,2
DA:36,2
DA:37,0
DA:40,2
DA:42,2
DA:44,2
DA:45,0
DA:48,2
DA:49,0
DA:51,0
DA:56,2
DA:57,0
DA:60,2
DA:61,0
DA:66,2
DA:76,2
DA:77,0
DA:78,0
DA:79,0
DA:80,0
DA:85,2
DA:86,2
DA:87,2
DA:88,2
DA:93,2
DA:94,0
DA:95,0
DA:97,0
DA:100,2
DA:101,0
DA:105,2
DA:115,2
DA:116,2
DA:125,3
DA:127,1
DA:128,1
DA:131,1
DA:140,1
DA:141,1
DA:143,1
DA:153,3
DA:154,1
DA:161,1
DA:162,0
DA:163,0
DA:165,0
DA:169,1
DA:170,0
DA:172,1
DA:173,1
DA:181,3
DA:182,1
DA:183,1
DA:185,1
DA:189,1
DA:194,1
DA:195,0
DA:196,0
DA:197,0
DA:198,0
DA:203,1
DA:204,1
DA:213,3
DA:214,0
DA:215,0
DA:216,0
DA:217,0
DA:218,0
DA:219,0
DA:220,0
DA:229,3
DA:230,0
DA:231,0
DA:232,0
DA:233,0
DA:234,0
DA:243,3
DA:245,1
LF:91
LH:57
BRDA:49,1,0,0
BRDA:49,1,1,0
BRDA:78,2,0,0
BRDA:78,2,1,0
BRDA:79,3,0,0
BRDA:79,3,1,0
BRDA:86,4,0,2
BRDA:86,4,1,0
BRDA:87,5,0,2
BRDA:87,5,1,0
BRDA:94,6,0,0
BRDA:94,6,1,0
BRDA:127,7,0,1
BRDA:127,7,1,0
BRDA:140,8,0,1
BRDA:140,8,1,0
BRDA:140,9,0,1
BRDA:140,9,1,1
BRDA:162,10,0,0
BRDA:162,10,1,0
BRDA:182,11,0,1
BRDA:182,11,1,0
BRDA:196,12,0,0
BRDA:196,12,1,0
BRDA:197,13,0,0
BRDA:197,13,1,0
BRF:26
BRH:7
end_of_record
TN:
SF:C:\Users\treso\Documents\Github.ugent\vopro\groep-07_frontend\frontend\app\directives\gmapsPoiShowDirective.js
FN:1,(anonymous_1)
FN:6,(anonymous_2)
FN:8,(anonymous_3)
FN:32,(anonymous_4)
FNF:4
FNH:3
FNDA:3,(anonymous_1)
FNDA:3,(anonymous_2)
FNDA:2,(anonymous_3)
FNDA:0,(anonymous_4)
DA:1,1
DA:2,3
DA:7,3
DA:8,3
DA:9,2
DA:17,2
DA:20,2
DA:32,2
DA:33,0
DA:34,0
DA:36,0
DA:41,2
DA:50,2
DA:52,2
DA:53,2
LF:15
LH:12
BRDA:33,1,0,0
BRDA:33,1,1,0
BRF:2
BRH:0
end_of_record
TN:
SF:C:\Users\treso\Documents\Github.ugent\vopro\groep-07_frontend\frontend\app\directives\gmapsRouteEditDirective.js
FN:1,(anonymous_1)
FN:5,(anonymous_2)
FN:23,(anonymous_3)
FN:74,(anonymous_4)
FN:87,(anonymous_5)
FN:89,(anonymous_6)
FN:104,(anonymous_7)
FN:112,(anonymous_8)
FN:140,(anonymous_9)
FN:143,(anonymous_10)
FN:162,(anonymous_11)
FN:168,(anonymous_12)
FN:186,(anonymous_13)
FN:194,(anonymous_14)
FN:202,(anonymous_15)
FN:210,(anonymous_16)
FNF:16
FNH:7
FNDA:3,(anonymous_1)
FNDA:3,(anonymous_2)
FNDA:2,(anonymous_3)
FNDA:2,(anonymous_4)
FNDA:0,(anonymous_5)
FNDA:0,(anonymous_6)
FNDA:2,(anonymous_7)
FNDA:2,(anonymous_8)
FNDA:0,(anonymous_9)
FNDA:0,(anonymous_10)
FNDA:0,(anonymous_11)
FNDA:0,(anonymous_12)
FNDA:2,(anonymous_13)
FNDA:0,(anonymous_14)
FNDA:0,(anonymous_15)
FNDA:0,(anonymous_16)
DA:1,1
DA:2,3
DA:11,3
DA:18,3
DA:20,3
DA:21,3
DA:23,3
DA:24,2
DA:25,2
DA:26,2
DA:27,2
DA:33,2
DA:34,2
DA:38,2
DA:39,2
DA:41,2
DA:42,2
DA:43,2
DA:44,2
DA:46,2
DA:47,2
DA:53,2
DA:54,2
DA:64,2
DA:74,2
DA:75,2
DA:82,2
DA:83,2
DA:84,2
DA:87,2
DA:89,0
DA:90,0
DA:91,0
DA:92,0
DA:93,0
DA:94,0
DA:104,3
DA:105,2
DA:106,2
DA:107,0
DA:109,2
DA:110,0
DA:112,2
DA:113,2
DA:114,2
DA:115,2
DA:123,2
DA:130,2
DA:131,2
DA:132,0
DA:139,0
DA:140,0
DA:141,0
DA:142,0
DA:143,0
DA:144,0
DA:146,0
DA:149,0
DA:162,3
DA:163,0
DA:168,0
DA:169,0
DA:170,0
DA:171,0
DA:172,0
DA:173,0
DA:177,3
DA:186,3
DA:187,2
DA:194,2
DA:195,0
DA:196,0
DA:198,0
DA:202,2
DA:203,0
DA:204,0
DA:205,0
DA:208,0
DA:210,2
DA:211,0
DA:214,2
DA:215,2
DA:216,2
LF:83
LH:51
BRDA:106,1,0,0
BRDA:106,1,1,2
BRDA:109,2,0,0
BRDA:109,2,1,2
BRDA:113,3,0,2
BRDA:113,3,1,0
BRDA:114,4,0,2
BRDA:114,4,1,0
BRDA:114,5,0,2
BRDA:114,5,1,2
BRDA:131,6,0,0
BRDA:131,6,1,2
BRDA:141,7,0,0
BRDA:141,7,1,0
BRDA:195,8,0,0
BRDA:195,8,1,0
BRDA:204,9,0,0
BRDA:204,9,1,0
BRF:18
BRH:7
end_of_record
TN:
SF:C:\Users\treso\Documents\Github.ugent\vopro\groep-07_frontend\frontend\app\directives\gmapsTravelAddDirective.js
FN:1,(anonymous_1)
FN:5,(anonymous_2)
FN:27,(anonymous_3)
FN:28,(anonymous_4)
FN:40,(anonymous_5)
FN:44,(anonymous_6)
FN:72,(anonymous_7)
FN:80,(anonymous_8)
FN:101,(anonymous_9)
FN:103,(anonymous_10)
FN:110,(anonymous_11)
FN:112,(anonymous_12)
FN:115,(anonymous_13)
FN:126,(anonymous_14)
FN:132,(anonymous_15)
FN:146,(anonymous_16)
FN:154,(anonymous_17)
FN:162,(anonymous_18)
FN:168,(anonymous_19)
FN:184,(anonymous_20)
FN:192,(anonymous_21)
FN:219,(anonymous_22)
FN:222,(anonymous_23)
FN:240,(anonymous_24)
FN:246,(anonymous_25)
FN:253,(anonymous_26)
FN:254,(anonymous_27)
FN:262,(anonymous_28)
FN:269,(anonymous_29)
FN:277,(anonymous_30)
FN:287,(anonymous_31)
FN:293,(anonymous_32)
FN:300,(anonymous_33)
FN:301,(anonymous_34)
FN:309,(anonymous_35)
FN:321,(anonymous_36)
FN:322,(anonymous_37)
FN:334,(anonymous_38)
FN:335,(anonymous_39)
FN:343,(anonymous_40)
FN:345,(anonymous_41)
FNF:41
FNH:8
FNDA:4,(anonymous_1)
FNDA:4,(anonymous_2)
FNDA:0,(anonymous_3)
FNDA:0,(anonymous_4)
FNDA:0,(anonymous_5)
FNDA:0,(anonymous_6)
FNDA:0,(anonymous_7)
FNDA:0,(anonymous_8)
FNDA:0,(anonymous_9)
FNDA:0,(anonymous_10)
FNDA:4,(anonymous_11)
FNDA:0,(anonymous_12)
FNDA:0,(anonymous_13)
FNDA:0,(anonymous_14)
FNDA:0,(anonymous_15)
FNDA:8,(anonymous_16)
FNDA:0,(anonymous_17)
FNDA:0,(anonymous_18)
FNDA:0,(anonymous_19)
FNDA:0,(anonymous_20)
FNDA:0,(anonymous_21)
FNDA:0,(anonymous_22)
FNDA:0,(anonymous_23)
FNDA:4,(anonymous_24)
FNDA:0,(anonymous_25)
FNDA:0,(anonymous_26)
FNDA:0,(anonymous_27)
FNDA:0,(anonymous_28)
FNDA:8,(anonymous_29)
FNDA:12,(anonymous_30)
FNDA:4,(anonymous_31)
FNDA:0,(anonymous_32)
FNDA:0,(anonymous_33)
FNDA:0,(anonymous_34)
FNDA:0,(anonymous_35)
FNDA:0,(anonymous_36)
FNDA:0,(anonymous_37)
FNDA:0,(anonymous_38)
FNDA:0,(anonymous_39)
FNDA:0,(anonymous_40)
FNDA:0,(anonymous_41)
DA:1,1
DA:2,4
DA:11,4
DA:17,4
DA:18,4
DA:20,4
DA:21,4
DA:27,4
DA:28,0
DA:29,0
DA:30,0
DA:31,0
DA:40,4
DA:41,0
DA:42,0
DA:44,0
DA:45,0
DA:46,0
DA:47,0
DA:51,4
DA:52,4
DA:53,4
DA:54,4
DA:55,4
DA:61,4
DA:62,4
DA:64,4
DA:65,4
DA:66,4
DA:67,4
DA:68,4
DA:69,4
DA:70,4
DA:71,4
DA:72,4
DA:73,0
DA:74,0
DA:76,0
DA:77,0
DA:80,4
DA:81,0
DA:82,0
DA:84,0
DA:85,0
DA:90,4
DA:91,4
DA:93,4
DA:94,4
DA:96,4
DA:97,4
DA:99,4
DA:101,4
DA:103,0
DA:104,0
DA:105,0
DA:106,0
DA:107,0
DA:110,4
DA:112,4
DA:113,0
DA:115,4
DA:116,0
DA:126,4
DA:127,0
DA:132,0
DA:133,0
DA:134,0
DA:135,0
DA:136,0
DA:146,4
DA:147,8
DA:154,8
DA:155,0
DA:156,0
DA:158,0
DA:162,8
DA:163,0
DA:164,0
DA:165,0
DA:168,8
DA:169,0
DA:170,0
DA:173,8
DA:174,8
DA:175,0
DA:177,8
DA:184,4
DA:185,0
DA:186,0
DA:187,0
DA:189,0
DA:190,0
DA:192,0
DA:193,0
DA:194,0
DA:195,0
DA:203,0
DA:210,0
DA:211,0
DA:218,0
DA:219,0
DA:220,0
DA:221,0
DA:222,0
DA:223,0
DA:226,0
DA:229,0
DA:240,4
DA:241,4
DA:245,4
DA:246,0
DA:247,0
DA:248,0
DA:252,4
DA:253,4
DA:254,0
DA:255,0
DA:256,0
DA:257,0
DA:262,4
DA:263,0
DA:264,0
DA:266,4
DA:269,4
DA:270,8
DA:271,8
DA:272,8
DA:274,8
DA:275,4
DA:277,8
DA:278,12
DA:280,8
DA:287,4
DA:288,4
DA:292,4
DA:293,0
DA:294,0
DA:295,0
DA:299,4
DA:300,4
DA:301,0
DA:302,0
DA:303,0
DA:304,0
DA:309,4
DA:310,0
DA:311,0
DA:313,4
DA:321,4
DA:322,0
DA:323,0
DA:324,0
DA:325,0
DA:326,0
DA:334,4
DA:335,0
DA:336,0
DA:337,0
DA:338,0
DA:343,4
DA:345,0
DA:346,0
LF:162
LH:73
BRDA:41,1,0,0
BRDA:41,1,1,0
BRDA:41,2,0,0
BRDA:41,2,1,0
BRDA:73,3,0,0
BRDA:73,3,1,0
BRDA:76,4,0,0
BRDA:76,4,1,0
BRDA:76,5,0,0
BRDA:76,5,1,0
BRDA:81,6,0,0
BRDA:81,6,1,0
BRDA:84,7,0,0
BRDA:84,7,1,0
BRDA:84,8,0,0
BRDA:84,8,1,0
BRDA:155,9,0,0
BRDA:155,9,1,0
BRDA:164,10,0,0
BRDA:164,10,1,0
BRDA:164,11,0,0
BRDA:164,11,1,0
BRDA:169,12,0,0
BRDA:169,12,1,0
BRDA:169,13,0,0
BRDA:169,13,1,0
BRDA:174,14,0,0
BRDA:174,14,1,8
BRDA:174,15,0,8
BRDA:174,15,1,4
BRDA:186,16,0,0
BRDA:186,16,1,0
BRDA:189,17,0,0
BRDA:189,17,1,0
BRDA:193,18,0,0
BRDA:193,18,1,0
BRDA:194,19,0,0
BRDA:194,19,1,0
BRDA:194,20,0,0
BRDA:194,20,1,0
BRDA:220,21,0,0
BRDA:220,21,1,0
BRDA:245,22,0,0
BRDA:245,22,1,4
BRDA:247,23,0,0
BRDA:247,23,1,0
BRDA:255,24,0,0
BRDA:255,24,1,0
BRDA:256,25,0,0
BRDA:256,25,1,0
BRDA:271,26,0,8
BRDA:271,26,1,0
BRDA:274,27,0,4
BRDA:274,27,1,4
BRDA:292,28,0,0
BRDA:292,28,1,4
BRDA:294,29,0,0
BRDA:294,29,1,0
BRDA:302,30,0,0
BRDA:302,30,1,0
BRDA:303,31,0,0
BRDA:303,31,1,0
BRF:62
BRH:8
end_of_record
TN:
SF:C:\Users\treso\Documents\Github.ugent\vopro\groep-07_frontend\frontend\app\directives\gmapsTravelShowDirective.js
FN:1,(anonymous_1)
FN:6,(anonymous_2)
FN:27,(anonymous_3)
FN:28,(anonymous_4)
FN:37,(anonymous_5)
FN:40,(anonymous_6)
FN:59,(anonymous_7)
FN:113,(anonymous_8)
FN:115,(anonymous_9)
FN:132,(anonymous_10)
FN:140,(anonymous_11)
FN:148,(anonymous_12)
FN:152,(anonymous_13)
FN:169,(anonymous_14)
FN:175,(anonymous_15)
FN:188,(anonymous_16)
FN:189,(anonymous_17)
FN:203,(anonymous_18)
FN:204,(anonymous_19)
FN:219,(anonymous_20)
FN:230,(anonymous_21)
FN:260,(anonymous_22)
FN:269,(anonymous_23)
FNF:23
FNH:3
FNDA:5,(anonymous_1)
FNDA:5,(anonymous_2)
FNDA:0,(anonymous_3)
FNDA:0,(anonymous_4)
FNDA:0,(anonymous_5)
FNDA:0,(anonymous_6)
FNDA:5,(anonymous_7)
FNDA:0,(anonymous_8)
FNDA:0,(anonymous_9)
FNDA:0,(anonymous_10)
FNDA:0,(anonymous_11)
FNDA:0,(anonymous_12)
FNDA:0,(anonymous_13)
FNDA:0,(anonymous_14)
FNDA:0,(anonymous_15)
FNDA:0,(anonymous_16)
FNDA:0,(anonymous_17)
FNDA:0,(anonymous_18)
FNDA:0,(anonymous_19)
FNDA:0,(anonymous_20)
FNDA:0,(anonymous_21)
FNDA:0,(anonymous_22)
FNDA:0,(anonymous_23)
DA:1,1
DA:2,5
DA:12,5
DA:18,5
DA:19,5
DA:20,5
DA:27,5
DA:28,0
DA:29,0
DA:31,0
DA:32,0
DA:33,0
DA:34,0
DA:35,0
DA:37,5
DA:38,0
DA:39,0
DA:40,0
DA:41,0
DA:51,0
DA:52,0
DA:53,0
DA:54,0
DA:56,0
DA:57,0
DA:59,5
DA:61,5
DA:66,5
DA:67,5
DA:77,5
DA:87,5
DA:88,5
DA:89,5
DA:91,5
DA:92,5
DA:93,5
DA:94,5
DA:95,5
DA:96,5
DA:97,5
DA:98,5
DA:99,5
DA:100,5
DA:102,5
DA:103,5
DA:105,5
DA:106,5
DA:107,5
DA:108,5
DA:110,5
DA:111,5
DA:112,5
DA:113,5
DA:115,0
DA:116,0
DA:117,0
DA:118,0
DA:119,0
DA:124,5
DA:132,5
DA:133,0
DA:140,0
DA:141,0
DA:142,0
DA:144,0
DA:148,0
DA:149,0
DA:150,0
DA:152,0
DA:156,0
DA:159,0
DA:160,0
DA:161,0
DA:169,5
DA:170,0
DA:175,0
DA:176,0
DA:177,0
DA:178,0
DA:179,0
DA:188,5
DA:189,0
DA:190,0
DA:191,0
DA:192,0
DA:194,0
DA:195,0
DA:203,5
DA:204,0
DA:205,0
DA:206,0
DA:207,0
DA:209,0
DA:210,0
DA:211,0
DA:219,5
DA:220,0
DA:221,0
DA:223,0
DA:224,0
DA:225,0
DA:227,0
DA:228,0
DA:230,0
DA:231,0
DA:232,0
DA:233,0
DA:241,0
DA:248,0
DA:249,0
DA:250,0
DA:251,0
DA:253,0
DA:260,0
DA:264,0
DA:265,0
DA:266,0
DA:268,0
DA:269,0
DA:270,0
DA:272,0
DA:276,0
LF:122
LH:42
BRDA:141,1,0,0
BRDA:141,1,1,0
BRDA:220,2,0,0
BRDA:220,2,1,0
BRDA:224,3,0,0
BRDA:224,3,1,0
BRDA:227,4,0,0
BRDA:227,4,1,0
BRDA:231,5,0,0
BRDA:231,5,1,0
BRDA:232,6,0,0
BRDA:232,6,1,0
BRDA:232,7,0,0
BRDA:232,7,1,0
BRDA:250,8,0,0
BRDA:250,8,1,0
BRDA:264,9,0,0
BRDA:264,9,1,0
BRDA:265,10,0,0
BRDA:265,10,1,0
BRF:20
BRH:0
end_of_record
TN:
SF:C:\Users\treso\Documents\Github.ugent\vopro\groep-07_frontend\frontend\app\directives\gmapsUserEventsShowDirective - kopie.js
FN:1,(anonymous_1)
FN:5,(anonymous_2)
FN:33,(anonymous_3)
FN:38,(anonymous_4)
FN:58,(anonymous_5)
FN:64,(anonymous_6)
FN:67,(anonymous_7)
FNF:7
FNH:4
FNDA:1,(anonymous_1)
FNDA:1,(anonymous_2)
FNDA:1,(anonymous_3)
FNDA:3,(anonymous_4)
FNDA:0,(anonymous_5)
FNDA:0,(anonymous_6)
FNDA:0,(anonymous_7)
DA:1,1
DA:2,1
DA:6,1
DA:12,1
DA:18,1
DA:20,1
DA:21,1
DA:23,1
DA:30,1
DA:31,1
DA:32,1
DA:33,1
DA:34,1
DA:37,1
DA:38,1
DA:39,3
DA:40,3
DA:41,3
DA:43,0
DA:46,3
DA:47,2
DA:57,2
DA:58,2
DA:59,0
DA:65,0
DA:66,0
DA:67,0
DA:68,0
DA:69,0
DA:72,0
DA:73,0
DA:76,0
DA:82,2
LF:33
LH:23
BRDA:40,1,0,3
BRDA:40,1,1,0
BRDA:46,2,0,2
BRDA:46,2,1,1
BRDA:65,3,0,0
BRDA:65,3,1,0
BRDA:66,4,0,0
BRDA:66,4,1,0
BRF:8
BRH:3
end_of_record
TN:
SF:C:\Users\treso\Documents\Github.ugent\vopro\groep-07_frontend\frontend\app\directives\gmapsUserEventsShowDirective.js
FN:1,(anonymous_1)
FN:5,(anonymous_2)
FN:33,(anonymous_3)
FN:38,(anonymous_4)
FN:58,(anonymous_5)
FN:64,(anonymous_6)
FN:67,(anonymous_7)
FNF:7
FNH:4
FNDA:1,(anonymous_1)
FNDA:1,(anonymous_2)
FNDA:1,(anonymous_3)
FNDA:3,(anonymous_4)
FNDA:0,(anonymous_5)
FNDA:0,(anonymous_6)
FNDA:0,(anonymous_7)
DA:1,1
DA:2,1
DA:6,1
DA:12,1
DA:18,1
DA:20,1
DA:21,1
DA:23,1
DA:30,1
DA:31,1
DA:32,1
DA:33,1
DA:34,1
DA:37,1
DA:38,1
DA:39,3
DA:40,3
DA:41,3
DA:43,0
DA:46,3
DA:47,2
DA:57,2
DA:58,2
DA:59,0
DA:65,0
DA:66,0
DA:67,0
DA:68,0
DA:69,0
DA:72,0
DA:73,0
DA:76,0
DA:82,2
LF:33
LH:23
BRDA:40,1,0,3
BRDA:40,1,1,0
BRDA:46,2,0,2
BRDA:46,2,1,1
BRDA:65,3,0,0
BRDA:65,3,1,0
BRDA:66,4,0,0
BRDA:66,4,1,0
BRF:8
BRH:3
end_of_record
TN:
SF:C:\Users\treso\Documents\Github.ugent\vopro\groep-07_frontend\frontend\app\services\resourceServices\_resources.js
FN:3,(anonymous_1)
FNF:1
FNH:1
FNDA:88,(anonymous_1)
DA:1,1
DA:3,1
DA:4,88
LF:3
LH:3
BRF:0
BRH:0
end_of_record
TN:
SF:C:\Users\treso\Documents\Github.ugent\vopro\groep-07_frontend\frontend\app\services\resourceServices\eventService.js
FN:1,(anonymous_1)
FNF:1
FNH:1
FNDA:10,(anonymous_1)
DA:1,1
DA:2,10
LF:2
LH:2
BRF:0
BRH:0
end_of_record
TN:
SF:C:\Users\treso\Documents\Github.ugent\vopro\groep-07_frontend\frontend\app\services\resourceServices\eventTypeService.js
FN:1,(anonymous_1)
FNF:1
FNH:1
FNDA:20,(anonymous_1)
DA:1,1
DA:2,20
LF:2
LH:2
BRF:0
BRH:0
end_of_record
TN:
SF:C:\Users\treso\Documents\Github.ugent\vopro\groep-07_frontend\frontend\app\services\resourceServices\poiService.js
FN:1,(anonymous_1)
FNF:1
FNH:1
FNDA:12,(anonymous_1)
DA:1,1
DA:2,12
LF:2
LH:2
BRF:0
BRH:0
end_of_record
TN:
SF:C:\Users\treso\Documents\Github.ugent\vopro\groep-07_frontend\frontend\app\services\resourceServices\routeService.js
FN:1,(anonymous_1)
FNF:1
FNH:1
FNDA:14,(anonymous_1)
DA:1,1
DA:2,14
LF:2
LH:2
BRF:0
BRH:0
end_of_record
TN:
SF:C:\Users\treso\Documents\Github.ugent\vopro\groep-07_frontend\frontend\app\services\resourceServices\transportationTypeService.js
FN:1,(anonymous_1)
FNF:1
FNH:1
FNDA:16,(anonymous_1)
DA:1,1
DA:2,16
LF:2
LH:2
BRF:0
BRH:0
end_of_record
TN:
SF:C:\Users\treso\Documents\Github.ugent\vopro\groep-07_frontend\frontend\app\services\resourceServices\travelService.js
FN:1,(anonymous_1)
FNF:1
FNH:1
FNDA:16,(anonymous_1)
DA:1,1
DA:2,16
LF:2
LH:2
BRF:0
BRH:0
end_of_record
TN:
SF:C:\Users\treso\Documents\Github.ugent\vopro\groep-07_frontend\frontend\app\services\resourceServices\userAdminPromoteService.js
FN:1,(anonymous_1)
FNF:1
FNH:0
FNDA:0,(anonymous_1)
DA:1,1
DA:2,0
LF:2
LH:1
BRF:0
BRH:0
end_of_record
TN:
SF:C:\Users\treso\Documents\Github.ugent\vopro\groep-07_frontend\frontend\app\services\resourceServices\userAdminService.js
FN:1,(anonymous_1)
FNF:1
FNH:1
FNDA:3,(anonymous_1)
DA:1,1
DA:2,3
LF:2
LH:2
BRF:0
BRH:0
end_of_record
TN:
SF:C:\Users\treso\Documents\Github.ugent\vopro\groep-07_frontend\frontend\app\services\resourceServices\userEventsShowService.js
FN:1,(anonymous_1)
FN:3,(anonymous_2)
FNF:2
FNH:2
FNDA:1,(anonymous_1)
FNDA:1,(anonymous_2)
DA:1,1
DA:2,1
DA:4,1
LF:3
LH:3
BRF:0
BRH:0
end_of_record
TN:
SF:C:\Users\treso\Documents\Github.ugent\vopro\groep-07_frontend\frontend\app\services\resourceServices\userForgotPasswordRecoverService.js
FN:1,(anonymous_1)
FN:3,(anonymous_2)
FNF:2
FNH:2
FNDA:3,(anonymous_1)
FNDA:2,(anonymous_2)
DA:1,1
DA:2,3
DA:4,2
LF:3
LH:3
BRF:0
BRH:0
end_of_record
TN:
SF:C:\Users\treso\Documents\Github.ugent\vopro\groep-07_frontend\frontend\app\services\resourceServices\userForgotPasswordService.js
FN:1,(anonymous_1)
FNF:1
FNH:1
FNDA:2,(anonymous_1)
DA:1,1
DA:2,2
LF:2
LH:2
BRF:0
BRH:0
end_of_record
TN:
SF:C:\Users\treso\Documents\Github.ugent\vopro\groep-07_frontend\frontend\app\services\resourceServices\userMailValidationService.js
FN:1,(anonymous_1)
FN:3,(anonymous_2)
FNF:2
FNH:2
FNDA:2,(anonymous_1)
FNDA:2,(anonymous_2)
DA:1,1
DA:2,2
DA:4,2
LF:3
LH:3
BRF:0
BRH:0
end_of_record
TN:
SF:C:\Users\treso\Documents\Github.ugent\vopro\groep-07_frontend\frontend\app\services\resourceServices\userPasswordService.js
FN:1,(anonymous_1)
FNF:1
FNH:1
FNDA:4,(anonymous_1)
DA:1,1
DA:2,4
LF:2
LH:2
BRF:0
BRH:0
end_of_record
TN:
SF:C:\Users\treso\Documents\Github.ugent\vopro\groep-07_frontend\frontend\app\services\resourceServices\userRoleService.js
FN:1,(anonymous_1)
FNF:1
FNH:1
FNDA:3,(anonymous_1)
DA:1,1
DA:2,3
LF:2
LH:2
BRF:0
BRH:0
end_of_record
TN:
SF:C:\Users\treso\Documents\Github.ugent\vopro\groep-07_frontend\frontend\app\services\resourceServices\userService.js
FN:1,(anonymous_1)
FNF:1
FNH:1
FNDA:24,(anonymous_1)
DA:1,1
DA:2,24
LF:2
LH:2
BRF:0
BRH:0
end_of_record
TN:
SF:C:\Users\treso\Documents\Github.ugent\vopro\groep-07_frontend\frontend\app\services\authenticationServices\authServices.js
FN:8,(anonymous_1)
FN:24,(anonymous_2)
FN:40,(anonymous_3)
FN:52,(anonymous_4)
FN:92,(anonymous_5)
FN:97,(anonymous_6)
FN:109,(anonymous_7)
FN:113,(anonymous_8)
FN:118,(anonymous_9)
FN:123,(anonymous_10)
FN:126,(anonymous_11)
FN:141,(anonymous_12)
FN:147,(anonymous_13)
FN:150,(anonymous_14)
FN:152,(anonymous_15)
FN:173,(anonymous_16)
FN:186,(anonymous_17)
FN:199,(anonymous_18)
FN:212,(anonymous_19)
FN:226,(anonymous_20)
FN:239,(anonymous_21)
FN:252,(anonymous_22)
FN:264,(anonymous_23)
FN:270,(anonymous_24)
FN:296,(anonymous_25)
FN:308,(anonymous_26)
FN:320,(anonymous_27)
FN:332,(anonymous_28)
FN:351,(anonymous_29)
FN:379,(anonymous_30)
FN:391,(anonymous_31)
FN:403,(anonymous_32)
FN:416,(anonymous_33)
FN:431,(anonymous_34)
FN:444,(anonymous_35)
FN:459,(anonymous_36)
FN:465,(anonymous_37)
FN:478,(anonymous_38)
FN:488,(anonymous_39)
FN:507,(anonymous_40)
FN:528,(anonymous_41)
FN:532,(anonymous_42)
FN:545,(anonymous_43)
FN:565,(anonymous_44)
FN:573,(anonymous_45)
FN:587,(anonymous_46)
FN:611,(anonymous_47)
FN:615,(anonymous_48)
FNF:48
FNH:39
FNDA:22,(anonymous_1)
FNDA:4,(anonymous_2)
FNDA:0,(anonymous_3)
FNDA:88,(anonymous_4)
FNDA:4,(anonymous_5)
FNDA:2,(anonymous_6)
FNDA:2,(anonymous_7)
FNDA:2,(anonymous_8)
FNDA:2,(anonymous_9)
FNDA:2,(anonymous_10)
FNDA:2,(anonymous_11)
FNDA:3,(anonymous_12)
FNDA:3,(anonymous_13)
FNDA:0,(anonymous_14)
FNDA:0,(anonymous_15)
FNDA:93,(anonymous_16)
FNDA:26,(anonymous_17)
FNDA:4,(anonymous_18)
FNDA:2,(anonymous_19)
FNDA:142,(anonymous_20)
FNDA:0,(anonymous_21)
FNDA:26,(anonymous_22)
FNDA:3,(anonymous_23)
FNDA:0,(anonymous_24)
FNDA:104,(anonymous_25)
FNDA:0,(anonymous_26)
FNDA:66,(anonymous_27)
FNDA:0,(anonymous_28)
FNDA:88,(anonymous_29)
FNDA:2,(anonymous_30)
FNDA:1,(anonymous_31)
FNDA:2,(anonymous_32)
FNDA:2,(anonymous_33)
FNDA:2,(anonymous_34)
FNDA:3,(anonymous_35)
FNDA:2,(anonymous_36)
FNDA:2,(anonymous_37)
FNDA:2,(anonymous_38)
FNDA:0,(anonymous_39)
FNDA:3,(anonymous_40)
FNDA:3,(anonymous_41)
FNDA:2,(anonymous_42)
FNDA:1,(anonymous_43)
FNDA:88,(anonymous_44)
FNDA:140,(anonymous_45)
FNDA:9,(anonymous_46)
FNDA:1,(anonymous_47)
FNDA:0,(anonymous_48)
DA:1,1
DA:8,1
DA:9,22
DA:25,4
DA:27,0
DA:30,4
DA:41,0
DA:52,1
DA:53,88
DA:93,4
DA:95,4
DA:97,4
DA:98,2
DA:99,2
DA:100,2
DA:103,2
DA:104,2
DA:107,4
DA:109,4
DA:112,2
DA:113,2
DA:114,2
DA:115,2
DA:116,2
DA:120,2
DA:123,4
DA:124,2
DA:125,2
DA:127,2
DA:128,2
DA:142,3
DA:143,3
DA:144,3
DA:145,3
DA:146,3
DA:147,3
DA:148,3
DA:149,3
DA:151,0
DA:152,0
DA:153,0
DA:154,0
DA:156,0
DA:158,3
DA:160,0
DA:174,93
DA:187,26
DA:200,4
DA:213,2
DA:227,142
DA:240,0
DA:253,26
DA:265,3
DA:266,3
DA:267,2
DA:268,2
DA:269,2
DA:270,2
DA:271,0
DA:272,0
DA:273,0
DA:275,2
DA:276,2
DA:277,2
DA:278,2
DA:279,2
DA:280,2
DA:282,1
DA:283,1
DA:285,1
DA:297,104
DA:309,0
DA:321,66
DA:333,0
DA:337,88
DA:338,25
DA:340,63
DA:343,88
DA:351,1
DA:352,88
DA:380,2
DA:392,1
DA:404,2
DA:417,2
DA:432,2
DA:444,1
DA:446,3
DA:460,2
DA:465,2
DA:466,2
DA:479,2
DA:490,0
DA:492,0
DA:494,0
DA:496,0
DA:498,0
DA:509,3
DA:511,3
DA:513,1
DA:515,2
DA:517,3
DA:530,3
DA:531,3
DA:532,3
DA:536,2
DA:539,1
DA:542,1
DA:545,3
DA:548,1
DA:551,3
DA:552,3
DA:565,1
DA:566,88
DA:574,140
DA:575,140
DA:576,140
DA:578,140
DA:589,9
DA:590,9
DA:591,9
DA:594,9
DA:597,9
DA:598,1
DA:599,1
DA:601,0
DA:602,0
DA:603,1
DA:605,1
DA:608,0
DA:611,1
DA:614,1
DA:618,0
DA:620,8
DA:623,4
DA:626,8
LF:135
LH:112
BRDA:25,1,0,0
BRDA:25,1,1,4
BRDA:25,2,0,4
BRDA:25,2,1,4
BRDA:142,3,0,3
BRDA:142,3,1,0
BRDA:142,4,0,3
BRDA:142,4,1,2
BRDA:266,5,0,2
BRDA:266,5,1,1
BRDA:337,6,0,25
BRDA:337,6,1,63
BRDA:492,7,0,0
BRDA:492,7,1,0
BRDA:511,8,0,1
BRDA:511,8,1,2
BRDA:536,9,0,1
BRDA:536,9,1,1
BRDA:536,10,0,2
BRDA:536,10,1,0
BRDA:536,10,2,2
BRDA:574,11,0,140
BRDA:574,11,1,0
BRDA:574,12,0,140
BRDA:574,12,1,140
BRDA:597,13,0,1
BRDA:597,13,1,8
BRDA:599,14,0,0
BRDA:599,14,1,1
BRDA:599,15,0,1
BRDA:599,15,1,1
BRDA:603,16,0,1
BRDA:603,16,1,0
BRDA:620,17,0,4
BRDA:620,17,1,4
BRDA:620,18,0,8
BRDA:620,18,1,8
BRF:37
BRH:29
end_of_record
TN:
SF:C:\Users\treso\Documents\Github.ugent\vopro\groep-07_frontend\frontend\app\services\commonServices\general.js
FN:1,(anonymous_1)
FN:6,(anonymous_2)
FN:11,(anonymous_3)
FN:16,(anonymous_4)
FNF:4
FNH:3
FNDA:3,(anonymous_1)
FNDA:1,(anonymous_2)
FNDA:0,(anonymous_3)
FNDA:1,(anonymous_4)
DA:1,1
DA:3,3
DA:6,3
DA:7,1
DA:11,3
DA:12,0
DA:16,3
DA:17,1
LF:8
LH:7
BRF:0
BRH:0
end_of_record
