TN:
SF:C:\Users\xavier\Documents\New folder\2015-2016-groep-07\frontend\app\app.js
FN:40,(anonymous_1)
FN:56,(anonymous_2)
FN:95,(anonymous_3)
FN:97,(anonymous_4)
FN:99,(anonymous_5)
FN:101,(anonymous_6)
FN:119,(anonymous_7)
FN:151,(anonymous_8)
FN:152,(anonymous_9)
FN:166,(anonymous_10)
FN:167,(anonymous_11)
FN:177,(anonymous_12)
FN:178,(anonymous_13)
FN:188,(anonymous_14)
FN:189,(anonymous_15)
FN:191,(anonymous_16)
FN:201,(anonymous_17)
FN:202,(anonymous_18)
FN:203,(anonymous_19)
FN:205,(anonymous_20)
FN:224,(anonymous_21)
FN:233,(anonymous_22)
FN:244,(anonymous_23)
FN:255,(anonymous_24)
FN:266,(anonymous_25)
FN:278,(anonymous_26)
FN:290,(anonymous_27)
FN:302,(anonymous_28)
FN:316,(anonymous_29)
FN:327,(anonymous_30)
FN:341,(anonymous_31)
FN:355,(anonymous_32)
FN:369,(anonymous_33)
FN:381,(anonymous_34)
FN:392,(anonymous_35)
FN:406,(anonymous_36)
FN:420,(anonymous_37)
FN:434,(anonymous_38)
FN:446,(anonymous_39)
FN:457,(anonymous_40)
FN:470,(anonymous_41)
FN:482,(anonymous_42)
FN:495,(anonymous_43)
FN:508,(anonymous_44)
FN:520,(anonymous_45)
FN:534,(anonymous_46)
FN:541,(anonymous_47)
FNF:47
FNH:7
FNDA:59,(anonymous_1)
FNDA:0,(anonymous_2)
FNDA:0,(anonymous_3)
FNDA:0,(anonymous_4)
FNDA:0,(anonymous_5)
FNDA:0,(anonymous_6)
FNDA:0,(anonymous_7)
FNDA:0,(anonymous_8)
FNDA:0,(anonymous_9)
FNDA:0,(anonymous_10)
FNDA:0,(anonymous_11)
FNDA:0,(anonymous_12)
FNDA:0,(anonymous_13)
FNDA:0,(anonymous_14)
FNDA:0,(anonymous_15)
FNDA:0,(anonymous_16)
FNDA:0,(anonymous_17)
FNDA:0,(anonymous_18)
FNDA:0,(anonymous_19)
FNDA:0,(anonymous_20)
FNDA:59,(anonymous_21)
FNDA:0,(anonymous_22)
FNDA:0,(anonymous_23)
FNDA:0,(anonymous_24)
FNDA:0,(anonymous_25)
FNDA:0,(anonymous_26)
FNDA:0,(anonymous_27)
FNDA:0,(anonymous_28)
FNDA:59,(anonymous_29)
FNDA:0,(anonymous_30)
FNDA:0,(anonymous_31)
FNDA:0,(anonymous_32)
FNDA:0,(anonymous_33)
FNDA:59,(anonymous_34)
FNDA:0,(anonymous_35)
FNDA:0,(anonymous_36)
FNDA:0,(anonymous_37)
FNDA:0,(anonymous_38)
FNDA:59,(anonymous_39)
FNDA:0,(anonymous_40)
FNDA:59,(anonymous_41)
FNDA:0,(anonymous_42)
FNDA:0,(anonymous_43)
FNDA:0,(anonymous_44)
FNDA:0,(anonymous_45)
FNDA:0,(anonymous_46)
FNDA:59,(anonymous_47)
DA:5,1
DA:16,1
DA:17,1
DA:18,1
DA:19,1
DA:20,1
DA:21,1
DA:40,1
DA:41,59
DA:57,0
DA:96,0
DA:97,0
DA:98,0
DA:100,0
DA:101,0
DA:102,0
DA:103,0
DA:106,0
DA:120,0
DA:152,0
DA:153,0
DA:167,0
DA:168,0
DA:178,0
DA:179,0
DA:189,0
DA:190,0
DA:192,0
DA:202,0
DA:203,0
DA:204,0
DA:206,0
DA:224,1
DA:225,59
DA:234,0
DA:245,0
DA:256,0
DA:267,0
DA:279,0
DA:291,0
DA:303,0
DA:316,1
DA:317,59
DA:328,0
DA:342,0
DA:356,0
DA:370,0
DA:381,1
DA:382,59
DA:393,0
DA:407,0
DA:421,0
DA:435,0
DA:446,1
DA:447,59
DA:458,0
DA:470,1
DA:471,59
DA:483,0
DA:496,0
DA:509,0
DA:521,0
DA:535,0
DA:541,1
DA:542,59
DA:545,59
LF:66
LH:22
BRF:0
BRH:0
end_of_record
TN:
SF:C:\Users\xavier\Documents\New folder\2015-2016-groep-07\frontend\app\controllers\defaults\404Controller.js
FN:6,(anonymous_1)
FN:23,(anonymous_2)
FNF:2
FNH:1
FNDA:2,(anonymous_1)
FNDA:0,(anonymous_2)
DA:6,1
DA:7,2
DA:9,2
DA:10,1
DA:11,1
DA:13,1
DA:14,1
DA:23,2
DA:24,0
LF:9
LH:8
BRDA:9,1,0,1
BRDA:9,1,1,1
BRF:2
BRH:2
end_of_record
TN:
SF:C:\Users\xavier\Documents\New folder\2015-2016-groep-07\frontend\app\controllers\defaults\authenticationController.js
FN:6,(anonymous_1)
FN:16,(anonymous_2)
FN:18,(anonymous_3)
FN:22,(anonymous_4)
FN:41,(anonymous_5)
FN:50,(anonymous_6)
FN:60,(anonymous_7)
FN:67,(anonymous_8)
FNF:8
FNH:4
FNDA:6,(anonymous_1)
FNDA:3,(anonymous_2)
FNDA:1,(anonymous_3)
FNDA:1,(anonymous_4)
FNDA:0,(anonymous_5)
FNDA:0,(anonymous_6)
FNDA:0,(anonymous_7)
FNDA:0,(anonymous_8)
DA:6,1
DA:8,6
DA:9,6
DA:16,6
DA:17,3
DA:18,2
DA:19,1
DA:21,1
DA:23,1
DA:24,0
DA:28,0
DA:31,1
DA:32,1
DA:41,6
DA:42,0
DA:50,6
DA:51,0
DA:60,1
DA:67,0
LF:19
LH:14
BRDA:17,1,0,2
BRDA:17,1,1,1
BRDA:17,2,0,3
BRDA:17,2,1,2
BRDA:23,3,0,0
BRDA:23,3,1,0
BRF:6
BRH:4
end_of_record
TN:
SF:C:\Users\xavier\Documents\New folder\2015-2016-groep-07\frontend\app\controllers\defaults\contactController.js
FN:6,(anonymous_1)
FNF:1
FNH:1
FNDA:1,(anonymous_1)
DA:6,1
LF:1
LH:1
BRF:0
BRH:0
end_of_record
TN:
SF:C:\Users\xavier\Documents\New folder\2015-2016-groep-07\frontend\app\controllers\defaults\indexController.js
FN:6,(anonymous_1)
FN:13,(anonymous_2)
FN:22,(anonymous_3)
FN:31,(anonymous_4)
FNF:4
FNH:4
FNDA:1,(anonymous_1)
FNDA:1,(anonymous_2)
FNDA:1,(anonymous_3)
FNDA:1,(anonymous_4)
DA:6,1
DA:13,1
DA:14,1
DA:22,1
DA:23,1
DA:31,1
DA:32,1
LF:7
LH:7
BRF:0
BRH:0
end_of_record
TN:
SF:C:\Users\xavier\Documents\New folder\2015-2016-groep-07\frontend\app\controllers\defaults\notImpController.js
FN:6,(anonymous_1)
FNF:1
FNH:1
FNDA:1,(anonymous_1)
DA:6,1
LF:1
LH:1
BRF:0
BRH:0
end_of_record
TN:
SF:C:\Users\xavier\Documents\New folder\2015-2016-groep-07\frontend\app\controllers\events\eventAddController.js
FN:8,(anonymous_1)
FN:57,(anonymous_2)
FN:65,(anonymous_3)
FN:83,(anonymous_4)
FN:84,(anonymous_5)
FN:87,(anonymous_6)
FN:90,(anonymous_7)
FN:103,(anonymous_8)
FN:112,(anonymous_9)
FNF:9
FNH:2
FNDA:1,(anonymous_1)
FNDA:0,(anonymous_2)
FNDA:0,(anonymous_3)
FNDA:0,(anonymous_4)
FNDA:0,(anonymous_5)
FNDA:0,(anonymous_6)
FNDA:0,(anonymous_7)
FNDA:0,(anonymous_8)
FNDA:1,(anonymous_9)
DA:2,1
DA:8,1
DA:15,1
DA:25,1
DA:26,1
DA:27,1
DA:34,1
DA:41,1
DA:47,1
DA:57,1
DA:58,0
DA:59,0
DA:61,0
DA:62,0
DA:63,0
DA:64,0
DA:65,0
DA:66,0
DA:77,1
DA:83,1
DA:84,0
DA:85,0
DA:86,0
DA:88,0
DA:90,0
DA:91,0
DA:92,0
DA:95,0
DA:103,1
DA:104,0
DA:112,1
LF:31
LH:14
BRDA:58,1,0,0
BRDA:58,1,1,0
BRDA:58,2,0,0
BRDA:58,2,1,0
BRDA:58,2,2,0
BRF:5
BRH:0
end_of_record
TN:
SF:C:\Users\xavier\Documents\New folder\2015-2016-groep-07\frontend\app\controllers\events\eventEditController.js
FN:7,(anonymous_1)
FN:13,(anonymous_2)
FN:20,(anonymous_3)
FN:23,(anonymous_4)
FN:27,(anonymous_5)
FN:54,(anonymous_6)
FN:56,(anonymous_7)
FN:62,(anonymous_8)
FN:70,(anonymous_9)
FN:93,(anonymous_10)
FNF:10
FNH:10
FNDA:2,(anonymous_1)
FNDA:2,(anonymous_2)
FNDA:2,(anonymous_3)
FNDA:2,(anonymous_4)
FNDA:8,(anonymous_5)
FNDA:1,(anonymous_6)
FNDA:4,(anonymous_7)
FNDA:1,(anonymous_8)
FNDA:1,(anonymous_9)
FNDA:1,(anonymous_10)
DA:1,1
DA:7,1
DA:13,2
DA:19,2
DA:20,2
DA:21,2
DA:22,2
DA:23,2
DA:24,2
DA:27,2
DA:28,8
DA:29,40
DA:30,8
DA:41,2
DA:47,2
DA:54,2
DA:55,1
DA:56,1
DA:57,4
DA:58,4
DA:61,1
DA:62,1
DA:63,1
DA:64,1
DA:65,0
DA:69,1
DA:70,1
DA:71,1
DA:72,1
DA:76,1
DA:78,1
DA:79,1
DA:85,1
DA:86,1
DA:93,2
DA:94,1
LF:36
LH:35
BRDA:22,1,0,2
BRDA:22,1,1,0
BRDA:29,2,0,8
BRDA:29,2,1,32
BRDA:57,3,0,4
BRDA:57,3,1,0
BRDA:64,4,0,0
BRDA:64,4,1,1
BRDA:69,5,0,1
BRDA:69,5,1,0
BRDA:71,6,0,1
BRDA:71,6,1,0
BRDA:78,7,0,1
BRDA:78,7,1,0
BRF:14
BRH:8
end_of_record
TN:
SF:C:\Users\xavier\Documents\New folder\2015-2016-groep-07\frontend\app\controllers\events\eventListController.js
FN:6,(anonymous_1)
FN:21,(anonymous_2)
FN:31,(anonymous_3)
FN:40,(anonymous_4)
FN:41,(anonymous_5)
FNF:5
FNH:4
FNDA:5,(anonymous_1)
FNDA:1,(anonymous_2)
FNDA:0,(anonymous_3)
FNDA:2,(anonymous_4)
FNDA:2,(anonymous_5)
DA:6,1
DA:13,5
DA:21,5
DA:22,1
DA:23,1
DA:31,5
DA:32,0
DA:40,5
DA:41,2
DA:42,2
DA:46,5
DA:47,5
DA:48,5
LF:13
LH:12
BRF:0
BRH:0
end_of_record
TN:
SF:C:\Users\xavier\Documents\New folder\2015-2016-groep-07\frontend\app\controllers\events\eventShowController.js
FN:7,(anonymous_1)
FN:13,(anonymous_2)
FN:22,(anonymous_3)
FNF:3
FNH:3
FNDA:2,(anonymous_1)
FNDA:1,(anonymous_2)
FNDA:1,(anonymous_3)
DA:1,1
DA:7,1
DA:13,2
DA:14,1
DA:22,2
DA:23,1
DA:36,2
LF:7
LH:7
BRF:0
BRH:0
end_of_record
TN:
SF:C:\Users\xavier\Documents\New folder\2015-2016-groep-07\frontend\app\controllers\routes\routeAddController.js
FN:6,(anonymous_1)
FNF:1
FNH:1
FNDA:8,(anonymous_1)
DA:6,1
DA:13,8
DA:21,8
DA:29,8
LF:4
LH:4
BRF:0
BRH:0
end_of_record
TN:
SF:C:\Users\xavier\Documents\New folder\2015-2016-groep-07\frontend\app\controllers\routes\routeEditController.js
FN:8,(anonymous_1)
FN:15,(anonymous_2)
FN:24,(anonymous_3)
FN:35,(anonymous_4)
FN:50,(anonymous_5)
FN:55,(anonymous_6)
FN:61,(anonymous_7)
FN:73,(anonymous_8)
FN:83,(anonymous_9)
FN:86,(anonymous_10)
FN:103,(anonymous_11)
FNF:11
FNH:3
FNDA:1,(anonymous_1)
FNDA:0,(anonymous_2)
FNDA:1,(anonymous_3)
FNDA:1,(anonymous_4)
FNDA:0,(anonymous_5)
FNDA:0,(anonymous_6)
FNDA:0,(anonymous_7)
FNDA:0,(anonymous_8)
FNDA:0,(anonymous_9)
FNDA:0,(anonymous_10)
FNDA:0,(anonymous_11)
DA:2,1
DA:8,1
DA:15,1
DA:16,0
DA:20,1
DA:25,1
DA:31,1
DA:35,1
DA:36,1
DA:42,1
DA:50,1
DA:52,0
DA:53,0
DA:54,0
DA:55,0
DA:56,0
DA:61,0
DA:62,0
DA:63,0
DA:68,0
DA:70,0
DA:73,0
DA:74,0
DA:83,1
DA:84,0
DA:85,0
DA:86,0
DA:87,0
DA:88,0
DA:89,0
DA:92,0
DA:93,0
DA:103,1
DA:104,0
DA:105,0
DA:106,0
DA:107,0
DA:110,0
LF:38
LH:12
BRDA:62,1,0,0
BRDA:62,1,1,0
BRDA:84,2,0,0
BRDA:84,2,1,0
BRDA:106,3,0,0
BRDA:106,3,1,0
BRF:6
BRH:0
end_of_record
TN:
SF:C:\Users\xavier\Documents\New folder\2015-2016-groep-07\frontend\app\controllers\travels\travelAddController.js
FN:10,(anonymous_1)
FN:84,(anonymous_2)
FN:93,(anonymous_3)
FN:95,(anonymous_4)
FN:103,(anonymous_5)
FN:131,(anonymous_6)
FN:151,(anonymous_7)
FN:161,(anonymous_8)
FN:162,(anonymous_9)
FN:165,(anonymous_10)
FN:187,(anonymous_11)
FN:191,(anonymous_12)
FN:209,(anonymous_13)
FN:214,(anonymous_14)
FN:237,(anonymous_15)
FN:240,(anonymous_16)
FN:257,(anonymous_17)
FN:272,(anonymous_18)
FN:289,(anonymous_19)
FN:305,(anonymous_20)
FNF:20
FNH:10
FNDA:4,(anonymous_1)
FNDA:0,(anonymous_2)
FNDA:2,(anonymous_3)
FNDA:4,(anonymous_4)
FNDA:0,(anonymous_5)
FNDA:2,(anonymous_6)
FNDA:4,(anonymous_7)
FNDA:4,(anonymous_8)
FNDA:0,(anonymous_9)
FNDA:0,(anonymous_10)
FNDA:4,(anonymous_11)
FNDA:2,(anonymous_12)
FNDA:2,(anonymous_13)
FNDA:2,(anonymous_14)
FNDA:0,(anonymous_15)
FNDA:0,(anonymous_16)
FNDA:0,(anonymous_17)
FNDA:0,(anonymous_18)
FNDA:0,(anonymous_19)
FNDA:0,(anonymous_20)
DA:2,1
DA:10,1
DA:17,4
DA:19,4
DA:25,4
DA:32,4
DA:34,4
DA:35,4
DA:41,4
DA:47,4
DA:54,4
DA:60,4
DA:66,4
DA:72,4
DA:78,4
DA:84,4
DA:85,0
DA:93,4
DA:94,2
DA:95,2
DA:96,4
DA:97,0
DA:103,2
DA:104,0
DA:105,0
DA:108,2
DA:109,2
DA:110,2
DA:111,2
DA:112,2
DA:116,2
DA:117,2
DA:118,2
DA:119,2
DA:120,2
DA:131,2
DA:132,2
DA:133,2
DA:134,2
DA:136,2
DA:137,2
DA:138,2
DA:139,2
DA:140,2
DA:141,2
DA:142,2
DA:143,2
DA:151,4
DA:153,4
DA:156,4
DA:157,0
DA:158,0
DA:159,0
DA:161,4
DA:162,4
DA:163,0
DA:164,0
DA:165,0
DA:167,0
DA:176,0
DA:180,0
DA:183,0
DA:187,4
DA:188,4
DA:189,3
DA:190,3
DA:191,2
DA:192,2
DA:193,2
DA:197,2
DA:198,2
DA:206,2
DA:207,2
DA:208,2
DA:209,2
DA:210,2
DA:211,1
DA:213,2
DA:214,2
DA:215,2
DA:216,2
DA:217,2
DA:219,2
DA:224,1
DA:227,1
DA:237,4
DA:238,0
DA:239,0
DA:240,0
DA:241,0
DA:242,0
DA:243,0
DA:246,0
DA:247,0
DA:257,4
DA:258,0
DA:259,0
DA:260,0
DA:261,0
DA:264,0
DA:272,4
DA:273,0
DA:274,0
DA:275,0
DA:278,0
DA:279,0
DA:289,4
DA:290,0
DA:291,0
DA:292,0
DA:293,0
DA:296,0
DA:305,1
DA:306,0
DA:307,0
DA:308,0
DA:310,0
DA:312,0
DA:313,0
DA:315,0
DA:317,0
LF:121
LH:76
BRDA:96,1,0,0
BRDA:96,1,1,4
BRDA:96,2,0,4
BRDA:96,2,1,4
BRDA:96,3,0,4
BRDA:96,3,1,2
BRDA:104,4,0,0
BRDA:104,4,1,0
BRDA:104,5,0,0
BRDA:104,5,1,0
BRDA:156,6,0,0
BRDA:156,6,1,4
BRDA:156,7,0,4
BRDA:156,7,1,4
BRDA:163,8,0,0
BRDA:163,8,1,0
BRDA:164,9,0,0
BRDA:164,9,1,0
BRDA:188,10,0,3
BRDA:188,10,1,1
BRDA:190,11,0,2
BRDA:190,11,1,1
BRDA:192,12,0,2
BRDA:192,12,1,0
BRDA:210,13,0,1
BRDA:210,13,1,1
BRDA:238,14,0,0
BRDA:238,14,1,0
BRDA:260,15,0,0
BRDA:260,15,1,0
BRDA:273,16,0,0
BRDA:273,16,1,0
BRDA:292,17,0,0
BRDA:292,17,1,0
BRDA:307,18,0,0
BRDA:307,18,1,0
BRDA:312,19,0,0
BRDA:312,19,1,0
BRF:38
BRH:15
end_of_record
TN:
SF:C:\Users\xavier\Documents\New folder\2015-2016-groep-07\frontend\app\controllers\travels\travelEditController.js
FN:7,(anonymous_1)
FN:8,(anonymous_2)
FN:27,(anonymous_3)
FN:42,(anonymous_4)
FN:51,(anonymous_5)
FN:68,(anonymous_6)
FN:86,(anonymous_7)
FNF:7
FNH:4
FNDA:2,(anonymous_1)
FNDA:2,(anonymous_2)
FNDA:1,(anonymous_3)
FNDA:0,(anonymous_4)
FNDA:0,(anonymous_5)
FNDA:0,(anonymous_6)
FNDA:6,(anonymous_7)
DA:7,1
DA:8,2
DA:14,2
DA:15,2
DA:17,2
DA:18,2
DA:27,2
DA:28,1
DA:29,1
DA:30,1
DA:32,1
DA:34,1
DA:42,2
DA:43,0
DA:51,2
DA:52,0
DA:53,0
DA:54,0
DA:57,0
DA:58,0
DA:68,2
DA:69,0
DA:70,0
DA:71,0
DA:72,0
DA:75,0
DA:86,1
DA:87,6
DA:88,6
DA:89,0
DA:91,6
DA:93,6
DA:94,2
DA:96,4
DA:98,6
LF:35
LH:23
BRDA:52,1,0,0
BRDA:52,1,1,0
BRDA:71,2,0,0
BRDA:71,2,1,0
BRDA:88,3,0,0
BRDA:88,3,1,6
BRDA:93,4,0,2
BRDA:93,4,1,4
BRF:8
BRH:3
end_of_record
TN:
SF:C:\Users\xavier\Documents\New folder\2015-2016-groep-07\frontend\app\controllers\travels\travelListController.js
FN:7,(anonymous_1)
FN:8,(anonymous_2)
FN:17,(anonymous_3)
FN:22,(anonymous_4)
FN:42,(anonymous_5)
FN:66,(anonymous_6)
FN:78,(anonymous_7)
FN:90,(anonymous_8)
FN:114,(anonymous_9)
FN:125,(anonymous_10)
FN:135,(anonymous_11)
FNF:11
FNH:11
FNDA:2,(anonymous_1)
FNDA:1,(anonymous_2)
FNDA:2,(anonymous_3)
FNDA:14,(anonymous_4)
FNDA:2,(anonymous_5)
FNDA:1,(anonymous_6)
FNDA:1,(anonymous_7)
FNDA:1,(anonymous_8)
FNDA:1,(anonymous_9)
FNDA:1,(anonymous_10)
FNDA:1,(anonymous_11)
DA:7,1
DA:8,2
DA:14,1
DA:16,1
DA:17,1
DA:19,2
DA:20,2
DA:21,2
DA:22,2
DA:23,14
DA:24,14
DA:26,14
DA:30,2
DA:31,0
DA:33,2
DA:36,2
DA:41,2
DA:43,2
DA:44,2
DA:45,2
DA:46,4
DA:47,2
DA:48,2
DA:57,2
DA:66,2
DA:67,1
DA:68,1
DA:78,2
DA:79,1
DA:80,1
DA:90,2
DA:91,1
DA:92,1
DA:114,2
DA:115,1
DA:116,1
DA:125,2
DA:126,1
DA:127,1
DA:135,2
DA:136,1
DA:137,1
LF:42
LH:41
BRDA:23,1,0,14
BRDA:23,1,1,0
BRDA:30,2,0,0
BRDA:30,2,1,2
BRDA:43,3,0,2
BRDA:43,3,1,0
BRDA:46,4,0,2
BRDA:46,4,1,2
BRF:8
BRH:5
end_of_record
TN:
SF:C:\Users\xavier\Documents\New folder\2015-2016-groep-07\frontend\app\controllers\travels\travelShowController.js
FN:8,(anonymous_1)
FN:39,(anonymous_2)
FN:47,(anonymous_3)
FN:55,(anonymous_4)
FN:57,(anonymous_5)
FN:65,(anonymous_6)
FN:79,(anonymous_7)
FN:84,(anonymous_8)
FN:94,(anonymous_9)
FN:105,(anonymous_10)
FN:108,(anonymous_11)
FN:116,(anonymous_12)
FN:122,(anonymous_13)
FN:137,(anonymous_14)
FN:148,(anonymous_15)
FN:158,(anonymous_16)
FN:169,(anonymous_17)
FNF:17
FNH:6
FNDA:2,(anonymous_1)
FNDA:0,(anonymous_2)
FNDA:0,(anonymous_3)
FNDA:0,(anonymous_4)
FNDA:0,(anonymous_5)
FNDA:0,(anonymous_6)
FNDA:0,(anonymous_7)
FNDA:0,(anonymous_8)
FNDA:0,(anonymous_9)
FNDA:2,(anonymous_10)
FNDA:2,(anonymous_11)
FNDA:2,(anonymous_12)
FNDA:14,(anonymous_13)
FNDA:0,(anonymous_14)
FNDA:0,(anonymous_15)
FNDA:1,(anonymous_16)
FNDA:0,(anonymous_17)
DA:1,1
DA:8,1
DA:14,2
DA:20,2
DA:26,2
DA:32,2
DA:39,2
DA:40,0
DA:47,2
DA:48,0
DA:55,2
DA:56,0
DA:57,0
DA:58,0
DA:59,0
DA:65,0
DA:66,0
DA:67,0
DA:70,0
DA:71,0
DA:72,0
DA:73,0
DA:74,0
DA:75,0
DA:76,0
DA:77,0
DA:79,0
DA:80,0
DA:81,0
DA:82,0
DA:84,0
DA:85,0
DA:87,0
DA:88,0
DA:89,0
DA:90,0
DA:91,0
DA:92,0
DA:93,0
DA:94,0
DA:95,0
DA:105,2
DA:106,2
DA:107,2
DA:108,2
DA:109,2
DA:113,2
DA:116,2
DA:117,2
DA:119,2
DA:120,2
DA:121,2
DA:122,2
DA:123,14
DA:124,4
DA:126,14
DA:137,2
DA:138,0
DA:139,0
DA:148,2
DA:149,0
DA:158,2
DA:159,1
DA:160,1
DA:169,2
DA:170,0
DA:171,0
LF:67
LH:30
BRDA:58,1,0,0
BRDA:58,1,1,0
BRDA:66,2,0,0
BRDA:66,2,1,0
BRDA:123,3,0,4
BRDA:123,3,1,10
BRF:6
BRH:2
end_of_record
TN:
SF:C:\Users\xavier\Documents\New folder\2015-2016-groep-07\frontend\app\controllers\users\userAddController.js
FN:6,(anonymous_1)
FN:54,(anonymous_2)
FN:93,(anonymous_3)
FN:95,(anonymous_4)
FN:98,(anonymous_5)
FN:104,(anonymous_6)
FN:128,(anonymous_7)
FN:139,(anonymous_8)
FNF:8
FNH:3
FNDA:3,(anonymous_1)
FNDA:3,(anonymous_2)
FNDA:0,(anonymous_3)
FNDA:0,(anonymous_4)
FNDA:0,(anonymous_5)
FNDA:0,(anonymous_6)
FNDA:2,(anonymous_7)
FNDA:0,(anonymous_8)
DA:6,1
DA:13,3
DA:21,3
DA:29,3
DA:37,3
DA:45,3
DA:47,3
DA:54,3
DA:56,3
DA:59,3
DA:60,0
DA:61,0
DA:65,3
DA:67,0
DA:69,0
DA:71,0
DA:72,0
DA:73,0
DA:74,0
DA:78,3
DA:79,1
DA:80,1
DA:84,2
DA:86,1
DA:87,1
DA:91,1
DA:93,1
DA:95,0
DA:97,0
DA:100,0
DA:101,0
DA:105,0
DA:106,0
DA:107,0
DA:109,0
DA:111,0
DA:115,0
DA:116,0
DA:119,1
DA:128,3
DA:129,2
DA:130,2
DA:131,2
DA:139,3
DA:140,0
LF:45
LH:25
BRDA:59,1,0,0
BRDA:59,1,1,3
BRDA:59,2,0,3
BRDA:59,2,1,3
BRDA:65,3,0,0
BRDA:65,3,1,3
BRDA:72,4,0,0
BRDA:72,4,1,0
BRDA:72,5,0,0
BRDA:72,5,1,0
BRDA:72,5,2,0
BRDA:78,6,0,1
BRDA:78,6,1,2
BRDA:84,7,0,1
BRDA:84,7,1,1
BRDA:91,8,0,1
BRDA:91,8,1,0
BRDA:106,9,0,0
BRDA:106,9,1,0
BRF:19
BRH:9
end_of_record
TN:
SF:C:\Users\xavier\Documents\New folder\2015-2016-groep-07\frontend\app\controllers\users\userEditController.js
FN:6,(anonymous_1)
FN:27,(anonymous_2)
FN:67,(anonymous_3)
FN:78,(anonymous_4)
FN:87,(anonymous_5)
FNF:5
FNH:4
FNDA:4,(anonymous_1)
FNDA:3,(anonymous_2)
FNDA:2,(anonymous_3)
FNDA:1,(anonymous_4)
FNDA:0,(anonymous_5)
DA:6,1
DA:13,4
DA:20,4
DA:27,4
DA:29,3
DA:30,1
DA:31,1
DA:35,2
DA:37,2
DA:39,2
DA:41,2
DA:42,2
DA:43,1
DA:44,1
DA:48,1
DA:49,0
DA:50,0
DA:55,1
DA:57,1
DA:67,4
DA:68,2
DA:69,2
DA:70,2
DA:78,4
DA:79,1
DA:87,4
DA:89,0
LF:27
LH:24
BRDA:29,1,0,1
BRDA:29,1,1,2
BRDA:29,2,0,3
BRDA:29,2,1,2
BRDA:35,3,0,2
BRDA:35,3,1,0
BRDA:42,4,0,1
BRDA:42,4,1,1
BRDA:42,5,0,2
BRDA:42,5,1,1
BRDA:42,5,2,1
BRDA:48,6,0,0
BRDA:48,6,1,1
BRF:13
BRH:11
end_of_record
TN:
SF:C:\Users\xavier\Documents\New folder\2015-2016-groep-07\frontend\app\controllers\users\userListController.js
FN:7,(anonymous_1)
FN:22,(anonymous_2)
FN:23,(anonymous_3)
FN:31,(anonymous_4)
FN:32,(anonymous_5)
FN:37,(anonymous_6)
FN:38,(anonymous_7)
FNF:7
FNH:5
FNDA:2,(anonymous_1)
FNDA:1,(anonymous_2)
FNDA:1,(anonymous_3)
FNDA:1,(anonymous_4)
FNDA:1,(anonymous_5)
FNDA:0,(anonymous_6)
FNDA:0,(anonymous_7)
DA:7,1
DA:14,2
DA:22,2
DA:23,1
DA:24,1
DA:25,1
DA:26,1
DA:28,1
DA:31,2
DA:32,1
DA:34,1
DA:37,2
DA:38,0
DA:39,0
DA:40,0
DA:41,0
LF:16
LH:12
BRF:0
BRH:0
end_of_record
TN:
SF:C:\Users\xavier\Documents\New folder\2015-2016-groep-07\frontend\app\controllers\users\userShowController.js
FN:6,(anonymous_1)
FN:20,(anonymous_2)
FN:29,(anonymous_3)
FN:30,(anonymous_4)
FN:42,(anonymous_5)
FN:54,(anonymous_6)
FN:55,(anonymous_7)
FN:79,(anonymous_8)
FN:83,(anonymous_9)
FN:85,(anonymous_10)
FN:86,(anonymous_11)
FNF:11
FNH:3
FNDA:2,(anonymous_1)
FNDA:0,(anonymous_2)
FNDA:0,(anonymous_3)
FNDA:0,(anonymous_4)
FNDA:0,(anonymous_5)
FNDA:1,(anonymous_6)
FNDA:1,(anonymous_7)
FNDA:0,(anonymous_8)
FNDA:0,(anonymous_9)
FNDA:0,(anonymous_10)
FNDA:0,(anonymous_11)
DA:6,1
DA:13,2
DA:20,2
DA:21,0
DA:29,2
DA:30,0
DA:31,0
DA:32,0
DA:33,0
DA:42,2
DA:44,0
DA:47,2
DA:54,2
DA:55,1
DA:56,1
DA:57,0
DA:58,0
DA:61,1
DA:62,1
DA:63,1
DA:66,1
DA:70,1
DA:71,1
DA:72,1
DA:73,1
DA:75,1
DA:79,2
DA:81,0
DA:83,0
DA:85,2
DA:86,0
DA:87,0
DA:88,0
DA:89,0
LF:34
LH:20
BRDA:56,1,0,0
BRDA:56,1,1,1
BRDA:62,2,0,1
BRDA:62,2,1,0
BRF:4
BRH:2
end_of_record
TN:
SF:C:\Users\xavier\Documents\New folder\2015-2016-groep-07\frontend\app\controllers\pois\poiAddController.js
FN:9,(anonymous_1)
FN:71,(anonymous_2)
FN:76,(anonymous_3)
FN:79,(anonymous_4)
FN:81,(anonymous_5)
FN:87,(anonymous_6)
FN:107,(anonymous_7)
FN:116,(anonymous_8)
FN:118,(anonymous_9)
FN:128,(anonymous_10)
FN:131,(anonymous_11)
FN:148,(anonymous_12)
FN:159,(anonymous_13)
FN:162,(anonymous_14)
FNF:14
FNH:7
FNDA:1,(anonymous_1)
FNDA:3,(anonymous_2)
FNDA:3,(anonymous_3)
FNDA:1,(anonymous_4)
FNDA:7,(anonymous_5)
FNDA:1,(anonymous_6)
FNDA:0,(anonymous_7)
FNDA:0,(anonymous_8)
FNDA:0,(anonymous_9)
FNDA:1,(anonymous_10)
FNDA:0,(anonymous_11)
FNDA:0,(anonymous_12)
FNDA:0,(anonymous_13)
FNDA:0,(anonymous_14)
DA:2,1
DA:9,1
DA:16,1
DA:24,1
DA:32,1
DA:40,1
DA:48,1
DA:56,1
DA:64,1
DA:71,1
DA:72,3
DA:73,0
DA:74,0
DA:76,3
DA:77,3
DA:78,2
DA:79,1
DA:80,1
DA:81,1
DA:82,7
DA:83,0
DA:86,1
DA:87,1
DA:88,1
DA:89,1
DA:93,1
DA:96,1
DA:107,1
DA:108,0
DA:116,1
DA:118,0
DA:119,0
DA:128,1
DA:129,1
DA:130,0
DA:131,0
DA:132,0
DA:133,0
DA:134,0
DA:137,1
DA:138,7
DA:148,1
DA:149,0
DA:150,0
DA:151,0
DA:152,0
DA:155,0
DA:159,1
DA:160,0
DA:161,0
DA:162,0
DA:163,0
DA:164,0
DA:165,0
DA:166,0
DA:167,0
DA:168,0
DA:169,0
DA:170,0
DA:171,0
DA:172,0
DA:175,0
DA:179,0
LF:63
LH:32
BRDA:72,1,0,0
BRDA:72,1,1,3
BRDA:77,2,0,2
BRDA:77,2,1,1
BRDA:78,3,0,1
BRDA:78,3,1,1
BRDA:82,4,0,0
BRDA:82,4,1,7
BRDA:82,5,0,7
BRDA:82,5,1,7
BRDA:129,6,0,0
BRDA:129,6,1,1
BRDA:151,7,0,0
BRDA:151,7,1,0
BRDA:163,8,0,0
BRDA:163,8,1,0
BRDA:163,9,0,0
BRDA:163,9,1,0
BRDA:165,10,0,0
BRDA:165,10,1,0
BRDA:167,11,0,0
BRDA:167,11,1,0
BRDA:169,12,0,0
BRDA:169,12,1,0
BRDA:171,13,0,0
BRDA:171,13,1,0
BRF:26
BRH:9
end_of_record
TN:
SF:C:\Users\xavier\Documents\New folder\2015-2016-groep-07\frontend\app\controllers\pois\poiEditController.js
FN:9,(anonymous_1)
FN:25,(anonymous_2)
FN:51,(anonymous_3)
FN:53,(anonymous_4)
FN:84,(anonymous_5)
FN:89,(anonymous_6)
FN:92,(anonymous_7)
FN:94,(anonymous_8)
FN:121,(anonymous_9)
FN:130,(anonymous_10)
FN:132,(anonymous_11)
FN:140,(anonymous_12)
FN:143,(anonymous_13)
FN:160,(anonymous_14)
FN:171,(anonymous_15)
FN:174,(anonymous_16)
FNF:16
FNH:11
FNDA:2,(anonymous_1)
FNDA:2,(anonymous_2)
FNDA:2,(anonymous_3)
FNDA:14,(anonymous_4)
FNDA:3,(anonymous_5)
FNDA:3,(anonymous_6)
FNDA:1,(anonymous_7)
FNDA:7,(anonymous_8)
FNDA:0,(anonymous_9)
FNDA:0,(anonymous_10)
FNDA:0,(anonymous_11)
FNDA:1,(anonymous_12)
FNDA:0,(anonymous_13)
FNDA:0,(anonymous_14)
FNDA:4,(anonymous_15)
FNDA:28,(anonymous_16)
DA:2,1
DA:9,1
DA:14,2
DA:16,2
DA:18,2
DA:20,2
DA:22,2
DA:25,2
DA:31,2
DA:39,2
DA:47,2
DA:51,2
DA:52,2
DA:53,2
DA:54,14
DA:55,98
DA:56,14
DA:59,14
DA:70,2
DA:78,2
DA:84,2
DA:85,3
DA:86,0
DA:87,0
DA:89,3
DA:90,3
DA:91,2
DA:92,1
DA:93,1
DA:94,1
DA:95,7
DA:96,7
DA:97,0
DA:101,1
DA:102,1
DA:103,1
DA:104,1
DA:107,1
DA:110,1
DA:121,2
DA:122,0
DA:130,2
DA:132,0
DA:140,2
DA:141,1
DA:142,0
DA:143,0
DA:144,0
DA:145,0
DA:146,0
DA:149,1
DA:150,7
DA:160,2
DA:161,0
DA:162,0
DA:163,0
DA:164,0
DA:167,0
DA:171,1
DA:172,4
DA:173,4
DA:174,4
DA:175,28
DA:176,4
DA:177,24
DA:178,4
DA:179,20
DA:180,4
DA:181,16
DA:182,4
DA:183,12
DA:184,4
DA:187,4
DA:191,4
LF:74
LH:59
BRDA:55,1,0,14
BRDA:55,1,1,84
BRDA:85,2,0,0
BRDA:85,2,1,3
BRDA:90,3,0,2
BRDA:90,3,1,1
BRDA:91,4,0,1
BRDA:91,4,1,1
BRDA:96,5,0,0
BRDA:96,5,1,7
BRDA:96,6,0,7
BRDA:96,6,1,7
BRDA:141,7,0,0
BRDA:141,7,1,1
BRDA:163,8,0,0
BRDA:163,8,1,0
BRDA:175,9,0,4
BRDA:175,9,1,24
BRDA:175,10,0,28
BRDA:175,10,1,24
BRDA:177,11,0,4
BRDA:177,11,1,20
BRDA:179,12,0,4
BRDA:179,12,1,16
BRDA:181,13,0,4
BRDA:181,13,1,12
BRDA:183,14,0,4
BRDA:183,14,1,8
BRF:28
BRH:23
end_of_record
TN:
SF:C:\Users\xavier\Documents\New folder\2015-2016-groep-07\frontend\app\controllers\pois\poiListController.js
FN:6,(anonymous_1)
FN:22,(anonymous_2)
FN:37,(anonymous_3)
FN:51,(anonymous_4)
FN:56,successCallback
FN:59,errorCallback
FN:74,(anonymous_7)
FNF:7
FNH:6
FNDA:3,(anonymous_1)
FNDA:1,(anonymous_2)
FNDA:1,(anonymous_3)
FNDA:1,(anonymous_4)
FNDA:1,successCallback
FNDA:0,errorCallback
FNDA:1,(anonymous_7)
DA:6,1
DA:12,3
DA:14,3
DA:22,3
DA:23,1
DA:27,0
DA:37,3
DA:38,1
DA:42,1
DA:51,3
DA:52,1
DA:56,1
DA:58,1
DA:62,0
DA:74,3
DA:78,1
LF:16
LH:14
BRDA:23,1,0,0
BRDA:23,1,1,1
BRF:2
BRH:1
end_of_record
TN:
SF:C:\Users\xavier\Documents\New folder\2015-2016-groep-07\frontend\app\controllers\pois\poiShowController.js
FN:9,(anonymous_1)
FN:28,(anonymous_2)
FN:39,(anonymous_3)
FN:53,(anonymous_4)
FNF:4
FNH:4
FNDA:3,(anonymous_1)
FNDA:1,(anonymous_2)
FNDA:1,(anonymous_3)
FNDA:1,(anonymous_4)
DA:2,1
DA:9,1
DA:14,3
DA:21,3
DA:28,3
DA:32,1
DA:39,3
DA:43,1
DA:45,1
DA:53,3
DA:57,1
LF:11
LH:11
BRF:0
BRH:0
end_of_record
TN:
SF:C:\Users\xavier\Documents\New folder\2015-2016-groep-07\frontend\app\translation_tables\translations_nl.js
FNF:0
FNH:0
DA:1,1
LF:1
LH:1
BRF:0
BRH:0
end_of_record
TN:
SF:C:\Users\xavier\Documents\New folder\2015-2016-groep-07\frontend\app\services\resourceServices\_resources.js
FN:3,(anonymous_1)
FNF:1
FNH:1
FNDA:59,(anonymous_1)
DA:1,1
DA:3,1
DA:4,59
LF:3
LH:3
BRF:0
BRH:0
end_of_record
TN:
SF:C:\Users\xavier\Documents\New folder\2015-2016-groep-07\frontend\app\services\resourceServices\eventService.js
FN:1,(anonymous_1)
FNF:1
FNH:1
FNDA:10,(anonymous_1)
DA:1,1
DA:2,10
LF:2
LH:2
BRF:0
BRH:0
end_of_record
TN:
SF:C:\Users\xavier\Documents\New folder\2015-2016-groep-07\frontend\app\services\resourceServices\eventTypeService.js
FN:1,(anonymous_1)
FNF:1
FNH:1
FNDA:13,(anonymous_1)
DA:1,1
DA:2,13
LF:2
LH:2
BRF:0
BRH:0
end_of_record
TN:
SF:C:\Users\xavier\Documents\New folder\2015-2016-groep-07\frontend\app\services\resourceServices\poiService.js
FN:1,(anonymous_1)
FNF:1
FNH:1
FNDA:9,(anonymous_1)
DA:1,1
DA:2,9
LF:2
LH:2
BRF:0
BRH:0
end_of_record
TN:
SF:C:\Users\xavier\Documents\New folder\2015-2016-groep-07\frontend\app\services\resourceServices\routeService.js
FN:1,(anonymous_1)
FNF:1
FNH:1
FNDA:9,(anonymous_1)
DA:1,1
DA:2,9
LF:2
LH:2
BRF:0
BRH:0
end_of_record
TN:
SF:C:\Users\xavier\Documents\New folder\2015-2016-groep-07\frontend\app\services\resourceServices\transportationTypeService.js
FN:1,(anonymous_1)
FNF:1
FNH:1
FNDA:11,(anonymous_1)
DA:1,1
DA:2,11
LF:2
LH:2
BRF:0
BRH:0
end_of_record
TN:
SF:C:\Users\xavier\Documents\New folder\2015-2016-groep-07\frontend\app\services\resourceServices\travelService.js
FN:1,(anonymous_1)
FNF:1
FNH:1
FNDA:11,(anonymous_1)
DA:1,1
DA:2,11
LF:2
LH:2
BRF:0
BRH:0
end_of_record
TN:
SF:C:\Users\xavier\Documents\New folder\2015-2016-groep-07\frontend\app\services\resourceServices\userAdminPromoteService.js
FN:1,(anonymous_1)
FNF:1
FNH:0
FNDA:0,(anonymous_1)
DA:1,1
DA:2,0
LF:2
LH:1
BRF:0
BRH:0
end_of_record
TN:
SF:C:\Users\xavier\Documents\New folder\2015-2016-groep-07\frontend\app\services\resourceServices\userAdminService.js
FN:1,(anonymous_1)
FNF:1
FNH:0
FNDA:0,(anonymous_1)
DA:1,1
DA:2,0
LF:2
LH:1
BRF:0
BRH:0
end_of_record
TN:
SF:C:\Users\xavier\Documents\New folder\2015-2016-groep-07\frontend\app\services\resourceServices\userEventsShowService.js
FN:1,(anonymous_1)
FN:3,(anonymous_2)
FNF:2
FNH:0
FNDA:0,(anonymous_1)
FNDA:0,(anonymous_2)
DA:1,1
DA:2,0
DA:4,0
LF:3
LH:1
BRF:0
BRH:0
end_of_record
TN:
SF:C:\Users\xavier\Documents\New folder\2015-2016-groep-07\frontend\app\services\resourceServices\userForgotPasswordRecoverService.js
FN:1,(anonymous_1)
FN:3,(anonymous_2)
FNF:2
FNH:0
FNDA:0,(anonymous_1)
FNDA:0,(anonymous_2)
DA:1,1
DA:2,0
DA:4,0
LF:3
LH:1
BRF:0
BRH:0
end_of_record
TN:
SF:C:\Users\xavier\Documents\New folder\2015-2016-groep-07\frontend\app\services\resourceServices\userForgotPasswordService.js
FN:1,(anonymous_1)
FNF:1
FNH:1
FNDA:1,(anonymous_1)
DA:1,1
DA:2,1
LF:2
LH:2
BRF:0
BRH:0
end_of_record
TN:
SF:C:\Users\xavier\Documents\New folder\2015-2016-groep-07\frontend\app\services\resourceServices\userPasswordService.js
FN:1,(anonymous_1)
FNF:1
FNH:1
FNDA:2,(anonymous_1)
DA:1,1
DA:2,2
LF:2
LH:2
BRF:0
BRH:0
end_of_record
TN:
SF:C:\Users\xavier\Documents\New folder\2015-2016-groep-07\frontend\app\services\resourceServices\userRoleService.js
FN:1,(anonymous_1)
FNF:1
FNH:0
FNDA:0,(anonymous_1)
DA:1,1
DA:2,0
LF:2
LH:1
BRF:0
BRH:0
end_of_record
TN:
SF:C:\Users\xavier\Documents\New folder\2015-2016-groep-07\frontend\app\services\resourceServices\userService.js
FN:1,(anonymous_1)
FNF:1
FNH:1
FNDA:13,(anonymous_1)
DA:1,1
DA:2,13
LF:2
LH:2
BRF:0
BRH:0
end_of_record
TN:
SF:C:\Users\xavier\Documents\New folder\2015-2016-groep-07\frontend\app\services\authenticationServices\authServices.js
FN:8,(anonymous_1)
FN:24,(anonymous_2)
FN:40,(anonymous_3)
FN:53,(anonymous_4)
FN:75,(anonymous_5)
FN:79,(anonymous_6)
FN:92,(anonymous_7)
FN:97,(anonymous_8)
FN:102,(anonymous_9)
FN:121,(anonymous_10)
FN:126,(anonymous_11)
FN:131,(anonymous_12)
FN:148,(anonymous_13)
FN:161,(anonymous_14)
FN:174,(anonymous_15)
FN:187,(anonymous_16)
FN:201,(anonymous_17)
FN:213,(anonymous_18)
FN:218,(anonymous_19)
FN:245,(anonymous_20)
FN:256,(anonymous_21)
FN:284,(anonymous_22)
FN:296,(anonymous_23)
FN:308,(anonymous_24)
FN:321,(anonymous_25)
FN:336,(anonymous_26)
FN:349,(anonymous_27)
FN:364,(anonymous_28)
FN:370,(anonymous_29)
FN:383,(anonymous_30)
FN:393,(anonymous_31)
FN:416,(anonymous_32)
FN:440,(anonymous_33)
FN:445,(anonymous_34)
FN:461,(anonymous_35)
FN:481,(anonymous_36)
FN:489,(anonymous_37)
FN:506,(anonymous_38)
FN:531,(anonymous_39)
FN:535,(anonymous_40)
FNF:40
FNH:36
FNDA:12,(anonymous_1)
FNDA:2,(anonymous_2)
FNDA:0,(anonymous_3)
FNDA:53,(anonymous_4)
FNDA:2,(anonymous_5)
FNDA:1,(anonymous_6)
FNDA:1,(anonymous_7)
FNDA:1,(anonymous_8)
FNDA:1,(anonymous_9)
FNDA:2,(anonymous_10)
FNDA:2,(anonymous_11)
FNDA:0,(anonymous_12)
FNDA:19,(anonymous_13)
FNDA:1,(anonymous_14)
FNDA:5,(anonymous_15)
FNDA:1,(anonymous_16)
FNDA:94,(anonymous_17)
FNDA:4,(anonymous_18)
FNDA:3,(anonymous_19)
FNDA:13,(anonymous_20)
FNDA:53,(anonymous_21)
FNDA:2,(anonymous_22)
FNDA:1,(anonymous_23)
FNDA:2,(anonymous_24)
FNDA:1,(anonymous_25)
FNDA:2,(anonymous_26)
FNDA:3,(anonymous_27)
FNDA:2,(anonymous_28)
FNDA:2,(anonymous_29)
FNDA:2,(anonymous_30)
FNDA:0,(anonymous_31)
FNDA:3,(anonymous_32)
FNDA:3,(anonymous_33)
FNDA:2,(anonymous_34)
FNDA:1,(anonymous_35)
FNDA:57,(anonymous_36)
FNDA:91,(anonymous_37)
FNDA:2,(anonymous_38)
FNDA:1,(anonymous_39)
FNDA:0,(anonymous_40)
DA:1,1
DA:8,1
DA:9,12
DA:25,2
DA:27,0
DA:30,2
DA:42,0
DA:53,1
DA:54,53
DA:77,2
DA:79,2
DA:80,1
DA:81,1
DA:82,1
DA:85,1
DA:86,1
DA:89,2
DA:92,2
DA:96,1
DA:97,1
DA:99,1
DA:100,1
DA:106,1
DA:109,2
DA:122,2
DA:123,2
DA:124,2
DA:125,2
DA:126,2
DA:129,2
DA:130,2
DA:134,0
DA:136,2
DA:149,19
DA:162,1
DA:175,5
DA:188,1
DA:202,94
DA:214,4
DA:215,4
DA:216,3
DA:217,3
DA:218,3
DA:219,3
DA:220,3
DA:222,3
DA:223,3
DA:224,3
DA:225,3
DA:226,3
DA:228,3
DA:230,1
DA:232,1
DA:234,4
DA:246,13
DA:256,1
DA:257,53
DA:285,2
DA:297,1
DA:309,2
DA:322,1
DA:337,2
DA:349,1
DA:351,3
DA:365,2
DA:370,2
DA:371,2
DA:384,2
DA:396,0
DA:398,0
DA:401,0
DA:403,0
DA:407,0
DA:419,3
DA:421,3
DA:423,1
DA:426,2
DA:429,3
DA:443,3
DA:444,3
DA:445,3
DA:449,2
DA:452,1
DA:456,1
DA:461,3
DA:464,1
DA:467,3
DA:468,3
DA:481,1
DA:482,57
DA:491,91
DA:492,91
DA:493,91
DA:497,91
DA:508,2
DA:509,2
DA:510,2
DA:513,2
DA:517,2
DA:518,1
DA:519,1
DA:521,0
DA:522,0
DA:523,1
DA:525,1
DA:528,0
DA:531,1
DA:534,1
DA:538,0
DA:540,1
DA:543,0
DA:547,1
LF:112
LH:99
BRDA:25,1,0,0
BRDA:25,1,1,2
BRDA:25,2,0,2
BRDA:25,2,1,2
BRDA:215,3,0,3
BRDA:215,3,1,1
BRDA:398,4,0,0
BRDA:398,4,1,0
BRDA:421,5,0,1
BRDA:421,5,1,2
BRDA:449,6,0,1
BRDA:449,6,1,1
BRDA:449,7,0,2
BRDA:449,7,1,0
BRDA:449,7,2,2
BRDA:491,8,0,91
BRDA:491,8,1,0
BRDA:491,9,0,91
BRDA:491,9,1,91
BRDA:517,10,0,1
BRDA:517,10,1,1
BRDA:519,11,0,0
BRDA:519,11,1,1
BRDA:519,12,0,1
BRDA:519,12,1,1
BRDA:523,13,0,1
BRDA:523,13,1,0
BRDA:540,14,0,0
BRDA:540,14,1,1
BRDA:540,15,0,1
BRDA:540,15,1,1
BRF:31
BRH:23
end_of_record
TN:
SF:C:\Users\xavier\Documents\New folder\2015-2016-groep-07\frontend\app\services\commonServices\general.js
FN:1,(anonymous_1)
FN:6,(anonymous_2)
FN:11,(anonymous_3)
FN:16,(anonymous_4)
FNF:4
FNH:3
FNDA:3,(anonymous_1)
FNDA:1,(anonymous_2)
FNDA:0,(anonymous_3)
FNDA:1,(anonymous_4)
DA:1,1
DA:3,3
DA:6,3
DA:7,1
DA:11,3
DA:12,0
DA:16,3
DA:17,1
LF:8
LH:7
BRF:0
BRH:0
end_of_record
